IQ-TREE multicore version 2.1.2 COVID-edition for Windows 64-bit built Oct 22 2020
Developed by Bui Quang Minh, James Barbetti, Nguyen Lam Tung,
Olga Chernomor, Heiko Schmidt, Dominik Schrempf, Michael Woodhams.

Host:    MSI (AVX512, FMA3, 15 GB RAM)
Command: C:\Program Files\iqtree-2.1.2-Windows\bin\iqtree2.exe -s input/asterophryinae_20230305.phy -p input/asterophryinae_locicodon.nex -m TEST+MERGE -rcluster 10 --prefix out/locicodon.merge -B 1000 -o UMMZ219489_Scaphiophryne_marmorata --date input/asterophryinae_dates.txt --date-tip 0 -mset JC,F81,K80,HKY,TN,TNe,TPM2,TPM2u,TPM3,TPM3u,TIM,TIMe,TIM2,TIM2e,TIM3,TIM3e,TVMe,TVM,SYM,GTR
Seed:    435969 (Using SPRNG - Scalable Parallel Random Number Generator)
Time:    Fri Mar 31 21:18:19 2023
Kernel:  AVX+FMA - 1 threads (16 CPU cores detected)

HINT: Use -nt option to specify number of threads because your CPU has 16 cores!
HINT: -nt AUTO will automatically determine the best number of threads to use.

Reading partition model file input/asterophryinae_locicodon.nex ...
Reading alignment file input/asterophryinae_20230305.phy ... Phylip format detected
Alignment most likely contains DNA/RNA sequences
Alignment has 241 sequences with 2475 columns, 1396 distinct patterns
951 parsimony-informative, 195 singleton sites, 1329 constant sites
                                                 Gap/Ambiguity  Composition  p-value
   1  ABTC116941_Oreophryne_A_graminis                  21.21%    passed      9.71%
   2  BPBM47733_Choerophryne_darlingtoni_complex_sp_1    0.28%    passed     96.60%
   3  BPBM47780_Cophixalus_cf__cryptotympanum            2.14%    passed     91.67%
   4  BPBM47792_Hylophorbus_cf__rufescens_14            20.85%    passed     24.73%
   5  BPBM47804_Cophixalus_darlingtoni                   5.41%    passed     98.10%
   6  BPBM31882_Paedophryne_swiftorum_complex_sp_1      22.42%    passed     19.52%
   7  BPBM47713_Paedophryne_amauensis                    0.08%    passed     92.53%
   8  BPBM47786_Callulops_sp_2                           3.68%    passed     93.38%
   9  UMMZ242263_Cophixalus_variabilis_complex_sp_1      1.25%    passed     72.08%
  10  UMMZ242338_Liophryne_aff__dentata_1                0.00%    passed     17.75%
  11  UMMZ242317_Hylophorbus_cf__rufescens_1             0.00%    passed     95.92%
  12  UMMZ242212_Austrochaperina_C_aff__palmipes_1       1.70%    passed     77.36%
  13  UMMZ242361_Mantophryne_cf__lateralis_1             0.04%    passed     85.97%
  14  UMMZ242309_Genyophryne_aff__thomsoni_1             0.44%    passed     87.40%
  15  UMMZ242349_Cophixalus_verrucosus_complex_sp_1      1.41%    passed     98.39%
  16  UMMZ242404_Oreophryne_A_sp_8                       0.00%    passed     13.57%
  17  UMMZ242232_Cophixalus_desticans_complex_sp_1       0.36%    passed     45.73%
  18  UMMZ242226_Callulops_doriae_complex_sp_1           0.20%    passed     65.99%
  19  FK16913_Paedophryne_titan                          0.48%    passed     19.15%
  20  UMMZ242398_Oreophryne_B_penelopia                  0.12%    passed     94.97%
  21  BPBM47888_Hylophorbus_cf__rufescens_13             4.24%    passed     97.91%
  22  JAM11383_Oreophryne_B_sp_5                         1.82%    passed     81.25%
  23  BPBM35843_Cophixalus_cf__pipilans_1                0.20%    passed     23.99%
  24  BPBM40083_Copiula_sp_1                             1.29%    passed     78.83%
  25  BPBM20571_Oreophryne_B_sp_2                        0.20%    passed     74.23%
  26  BPBM22664_Austrochaperina_A_sp_1                   1.58%    passed     79.76%
  27  BPBM20396_Mantophryne_cf__lateralis_1              0.24%    passed     94.07%
  28  BPBM48036_Paedophryne_sp_2                        20.00%    passed     27.41%
  29  BPBM35561_Choerophryne_gudrunae                    1.41%    passed     97.20%
  30  BPBM40135_Mantophryne_insignis                     0.12%    passed     84.40%
  31  BPBM39638_Hylophorbus_myopicus                     1.49%    passed    100.00%
  32  BPBM20572_Oreophryne_B_sp_3                        5.17%    passed     95.08%
  33  BPBM13110_Asterophrys_slateri                      0.93%    passed     34.14%
  34  BPBM33669_Callulops_wilhelmanus                    0.20%    passed     97.12%
  35  BPBM16554_Oreophryne_A_philosylleptoris            0.20%    passed     14.90%
  36  BPBM20262_Copiula_sp_2                             5.86%    passed     88.13%
  37  BPBM39000_Oreophryne_B_sp_1                        0.20%    passed     83.57%
  38  BPBM34677_Oreophryne_A_cameroni                    5.74%    passed     47.88%
  39  BPBM38990_Oreophryne_A_sp_2                        0.81%    passed     25.28%
  40  BPBM16181_Hylophorbus_cf__rufescens_2              0.24%    passed     96.81%
  41  BPBM39048_Cophixalus_sp_3                          0.69%    passed     49.47%
  42  BPBM34688_Oreophryne_A_biroi                       0.16%    passed     28.23%
  43  BPBM38939_Copiula_sp_7                            20.04%    passed     38.88%
  44  BPBM22675_Choerophryne_longirostris                0.12%    passed     95.90%
  45  BPBM18450_Hylophorbus_cf__rufescens_6              0.20%    passed     83.63%
  46  BPBM22504_Hylophorbus_cf__rufescens_12             1.45%    passed     82.58%
  47  BPBM39357_Oreophryne_B_sp_6                        0.32%    passed     87.01%
  48  BPBM20522_Oreophryne_A_aurora                      0.28%    passed     94.40%
  49  BPBM40145_Oreophryne_A_sp_6                        2.46%    passed     30.55%
  50  BPBM39569_Hylophorbus_cf__rufescens_9              0.04%    passed     99.01%
  51  BPBM22780_Mantophryne_cf__lateralis_3              1.25%    passed     99.39%
  52  BPBM39007_Copiula_sp_3                            20.97%    passed     21.16%
  53  BPBM19265_Mantophryne_cf__lateralis_4              1.29%    passed     99.16%
  54  BPBM33763_Oreophryne_A_anamiatoi                   0.12%    passed     59.29%
  55  BPBM22692_Cophixalus_balbus                        1.41%    passed     98.67%
  56  BPBM39244_Oreophryne_A_sp_3                        1.58%    passed     45.36%
  57  BPBM22689_Oreophryne_A_cf__cameroni                1.82%    passed     48.15%
  58  BPBM18430_Cophixalus_albolineatus                  1.21%    passed     68.02%
  59  BPBM38988_Oreophryne_B_sp_4                        2.34%    passed     83.93%
  60  BPBM33707_Cophixalus_caverniphilus                 1.98%    passed     83.04%
  61  BPBM39991_Choerophryne_bryonopsis                  1.70%    passed     58.86%
  62  BPBM39631_Hylophorbus_cf__rufescens_7              0.24%    passed     98.72%
  63  BPBM19320_Cophixalus_nexipus                       1.70%    passed     88.14%
  64  BPBM37122_Callulops_sp_1                           0.04%    passed     91.62%
  65  BPBM34724_Hylophorbus_atrifasciatus                0.04%    passed     90.27%
  66  BPBM18392_Cophixalus_cheesmanae_complex_sp_1       3.07%    passed     74.80%
  67  BPBM39929_Liophryne_miniafia                       0.00%    passed     96.69%
  68  BPBM35866_Hylophorbus_cf__rufescens_15             0.04%    passed     95.82%
  69  BPBM17959_Cophixalus_sp_4                          0.16%    passed     93.15%
  70  BPBM40000_Austrochaperina_A_sp_2                   0.04%    passed     80.15%
  71  BPBM19277_Cophixalus_iovaorum                      0.16%    passed     86.10%
  72  BPBM19338_Hylophorbus_cf__rufescens_10             0.20%    passed     99.69%
  73  BPBM37232_Hylophorbus_cf__rufescens_3              0.28%    passed     96.62%
  74  BPBM38914_Barygenys_maculata                       0.12%    passed     12.44%
  75  BPBM19371_Oreophryne_A_sp_4                        0.00%    passed     76.11%
  76  BPBM33749_Hylophorbus_richardsi                    0.08%    passed     85.61%
  77  BPBM18429_Cophixalus_albolineatus                  2.55%    passed     84.86%
  78  BPBM33664_Choerophryne_darlingtoni_complex_sp_2    0.81%    passed     98.97%
  79  BPBM34679_Choerophryne_proboscidea                 0.57%    passed     92.40%
  80  BPBM20538_Oreophryne_B_sp_3                        0.85%    passed     99.71%
  81  BPBM19314_Cophixalus_ateles                        2.18%    passed     96.02%
  82  BPBM38992_Oreophryne_A_sp_2                        1.98%    passed     32.27%
  83  BPBM39510_Oreophryne_B_phoebe                      1.54%    passed     55.11%
  84  BPBM37718_Cophixalus_clapporum                    20.97%    passed     29.96%
  85  BPBM39344_Oreophryne_B_sp_4                        1.25%    passed     47.08%
  86  BPBM38904_Barygenys_apodasta                       1.62%    passed     59.40%
  87  BPBM20126_Barygenys_aff__exsul_1                   1.78%    passed     37.71%
  88  BPBM15814_Cophixalus_variabilis_complex_sp_2       5.17%    passed     97.34%
  89  BPBM15708_Cophixalus_desticans_complex_sp_2        0.16%    passed     62.78%
  90  BPBM33674_Oreophryne_A_notata                      2.79%    failed      2.69%
  91  BPBM35692_Hylophorbus_cf__proekes                  1.78%    passed     61.14%
  92  BPBM20141_Callulops_doriae_complex_sp_2            1.78%    passed     44.31%
  93  BPBM17048_Hylophorbus_cf__rufescens_11             1.82%    passed     97.14%
  94  BPBM18509_Oreophryne_A_lemur                       1.41%    passed     85.29%
  95  BPBM33780_Xenorhina_parkerorum                     2.75%    passed     65.42%
  96  BPBM15259_Barygenys_resima                         1.94%    passed     46.73%
  97  BPBM20501_Oreophryne_B_meliades                    0.32%    passed     85.03%
  98  BPBM35986_Hylophorbus_cf__rufescens_17             2.02%    passed     95.61%
  99  BPBM27491_Cophixalus_verrucosus_complex_sp_3       1.13%    passed     84.33%
 100  BPBM15775_Oreophryne_B_equus                       1.45%    passed     73.73%
 101  BPBM15410_Mantophryne_cf__lateralis_2              1.25%    passed     97.77%
 102  BPBM39366_Oreophryne_A_sp_5                        1.86%    passed     85.70%
 103  BPBM37753_Paedophryne_dekot                        1.86%    passed     98.09%
 104  BPBM15707_Cophixalus_sp_5                          0.08%    passed     91.17%
 105  BPBM35735_Austrochaperina_B_sp_3                   0.00%    passed     96.90%
 106  TNHC58922_Oreophryne_B_variabilis                  3.19%    passed     63.12%
 107  CMNH1366_Oreophryne_A_anulata                      2.30%    passed     10.04%
 108  KU321316_Oreophryne_A_nana                         1.78%    passed     12.39%
 109  BPBM18605_Copiula_fistulans                        0.36%    passed     87.45%
 110  BPBM41683_Aphantophryne_B_pansa.3-Omunia_Camp      3.03%    passed     96.28%
 111  BPBM41681_Aphantophryne_B_pansa.3-Omunia_Camp      4.57%    passed     99.65%
 112  BPBM41685_Aphantophryne_B_pansa.3-Omunia_Camp      1.37%    passed     99.61%
 113  BPBM41682_Aphantophryne_B_pansa.3-Omunia_Camp      1.37%    passed     97.54%
 114  BPBM17084_Copiula_oxyrhina                         1.25%    passed     92.24%
 115  BPBM13862_Austrochaperina_B_macrorhyncha           0.85%    passed     96.73%
 116  BPBM18351_Choerophryne_gunnari                     2.26%    passed     53.45%
 117  BPBM20357_Genyophryne_thomsoni                     1.94%    passed     66.73%
 118  BPBM22740_Hylophorbus_cf__rufescens_16             1.13%    passed     95.66%
 119  BPBM20369_Hylophorbus_extimus                      0.85%    passed     97.27%
 120  BPBM22761_Hylophorbus_proekes                      0.85%    passed     97.43%
 121  BPBM15373_Liophryne_aff__dentata_2                 1.37%    passed     39.91%
 122  BPBM22754_Liophryne_schlaginhaufeni                1.13%    passed     51.23%
 123  BPBM20142_Mantophryne_louisiadensis                3.39%    passed     85.19%
 124  BPBM22511_Oreophryne_A_brachypus                   1.58%    passed     44.28%
 125  BPBM18510_Oreophryne_A_cf__geislerorum_1           1.17%    passed     28.30%
 126  BPBM17847_Choerophryne_sanguinopictus              1.66%    passed     98.81%
 127  BPBM16217_Oreophryne_A_inornata                    0.93%    passed     66.13%
 128  BPBM16546_Oreophryne_B_insulana                    2.63%    passed     77.70%
 129  BPBM22539_Oreophryne_A_loriae                      1.41%    passed     71.49%
 130  BPBM17890_Oxydactyla_crassa                        1.21%    passed     76.18%
 131  BPBM31477_Mantophryne_menziesi                     0.89%    passed     97.87%
 132  BPBM22793_Sphenophryne_cornuta                     3.64%    passed     59.94%
 133  BPBM22797_Xenorhina_arboricola                     0.89%    failed      3.81%
 134  BPBM28179_Xenorhina_mehelyi                        0.89%    passed     16.57%
 135  BPBM14060_Xenorhina_ocellata                       2.46%    passed     37.05%
 136  BPBM22795_Xenorhina_tumulus                        0.81%    passed      6.50%
 137  BPBM28153_Asterophrys_leucopus                     0.89%    passed     62.03%
 138  BPBM22649_Choerophryne_brunhildae                  0.97%    passed     90.66%
 139  BPBM18317_Choerophryne_exclamitans                 1.54%    passed     91.32%
 140  BPBM28204_Asterophrys_turpicola                    0.97%    passed     58.59%
 141  BPBM22665_Austrochaperina_B_basipalmata            1.62%    passed     71.00%
 142  BPBM22656_Austrochaperina_B_blumi                  1.29%    passed     90.00%
 143  BPBM22708_Copiula_tyleri                           0.04%    passed     73.77%
 144  BPBM22481_Austrochaperina_A_novaebritanniae        1.66%    passed     85.13%
 145  BPBM20112_Austrochaperina_A_yelaensis              3.84%    passed     72.30%
 146  BPBM15234_Austrochaperina_C_aff__palmipes_3        0.12%    passed     96.64%
 147  BPBM25756_Barygenys_atra                           0.85%    passed     48.58%
 148  BPBM25760_Barygenys_sp                             0.04%    passed     99.75%
 149  BPBM18504_Callulops_personatus                     0.89%    passed     99.31%
 150  BPBM13155_Callulops_eremnosphax                    1.62%    passed     91.58%
 151  BPBM20215_Cophixalus_cupricarenus                  2.51%    passed     94.82%
 152  BPBM20197_Cophixalus_melanops                      2.34%    passed     67.44%
 153  BPBM15665_Copiula_minor                            1.13%    passed     64.00%
 154  BPBM20287_Copiula_sp_6                            22.38%    passed     17.00%
 155  BPBM17827_Copiula_sp_4                             1.13%    passed     89.01%
 156  BPBM18388_Austrochaperina_A_parkeri                0.85%    passed     88.19%
 157  BPBM15355_Hylophorbus_cf__rufescens_4              1.13%    passed     85.90%
 158  BPBM18033_Hylophorbus_cf__rufescens_8              1.05%    passed     96.59%
 159  BPBM18441_Hylophorbus_cf__rufescens_12             1.45%    passed     81.97%
 160  BPBM18315_Liophryne_allisoni                       0.85%    passed     56.59%
 161  BPBM19360_Liophryne_magnitympanum                  1.29%    passed     64.61%
 162  BPBM20397_Mantophryne_axanthogaster                0.89%    passed     99.79%
 163  BPBM22784_Oreophryne_A_parkeri                    21.70%    passed     21.76%
 164  BPBM18128_Oreophryne_B_picticrus                   1.90%    passed     63.58%
 165  BPBM18002_Oreophryne_A_sp_7                        1.90%    passed     69.44%
 166  BPBM17980_Oreophryne_B_matawan                     6.95%    passed     80.16%
 167  BPBM22668_Austrochaperina_B_septentrionalis        1.86%    passed     63.65%
 168  BPBM22789_Oreophryne_A_parkopanorum                1.17%    passed     14.79%
 169  BPBM21474_Xenorhina_adisca                         1.09%    passed     37.08%
 170  BPBM22685_Choerophryne_rostellifer                 0.12%    passed     88.29%
 171  UMMZ211174_Dyscophis_antongilli                    2.18%    passed     83.90%
 172  UMMZ211181_Platypelis_grandis                      2.42%    passed     70.33%
 173  UMMZ219489_Scaphiophryne_marmorata                 0.08%    passed     78.46%
 174  BPBM20128_Barygenys_exsul                          0.89%    passed      8.08%
 175  ZMB74609_Asterophrys_senglaubi                     1.37%    passed     49.29%
 176  ZMB70535_Asterophrys_eurydactylus                  1.29%    passed     19.17%
 177  ZMB70187_Asterophrys_cf__marani                    1.58%    passed     20.48%
 178  ZMB63882_Asterophrys_marani                        2.63%    passed     40.93%
 179  ZMB70185_Asterophrys_cf__marani                    1.54%    passed     20.70%
 180  FK15527_Paedophryne_verrucosa                      1.49%    passed     23.45%
 181  BPBM39156_Oreophryne_A_sp_1                        0.81%    passed     33.48%
 182  BPBM19236_Callulops_bicolor                        1.54%    passed     56.74%
 183  BPBM35836_Callulops_microtis                       0.93%    passed     88.41%
 184  BPBM34741_Xenorhina_obesa                          0.85%    passed     33.97%
 185  BPBM20532_Oreophryne_B_sp_3                        0.89%    passed     99.80%
 186  BPBM15232_Austrochaperina_C_aff__palmipes_3        0.89%    passed     85.46%
 187  BPBM20469_Oreophryne_B_ezra                        4.16%    passed     42.92%
 188  BPBM33637_Choerophryne_murrita                     0.97%    passed     98.63%
 189  BPBM40143_Oreophryne_B_brunnea                     0.04%    passed     46.13%
 190  BPBM18097_Cophixalus_timidus                       1.29%    passed     86.66%
 191  BPBM20440_Oreophryne_B_meliades                    0.32%    passed     87.91%
 192  BPBM34697_Xenorhina_oxycephala                     0.00%    passed     29.14%
 193  BPBM16806_Callulops_robustus                       0.04%    passed     91.61%
 194  MB233_Cophixalus_sp_1                              2.71%    passed     72.31%
 195  MB291_Paedophryne_sp_1                             3.64%    passed     82.03%
 196  MB294_Hylophorbus_cf__rufescens_12                 0.04%    passed     87.73%
 197  MB300_Choerophryne_gunnari                         0.12%    passed     45.91%
 198  MB302_Cophixalus_sp_2                              0.00%    passed     54.48%
 199  MB309_Copiula_sp_5                                 2.51%    passed     68.80%
 200  MB327_Xenorhina_sp_1                              19.64%    passed     13.32%
 201  MB331_Mantophryne_cf__lateralis_4                  0.04%    passed     89.33%
 202  MB342_Oreophryne_A_loriae                          1.25%    passed     64.96%
 203  MB463_Choerophryne_sp_2                            0.44%    passed     84.86%
 204  MB466_Choerophryne_sp_1                            0.00%    passed     99.97%
 205  MB470_Cophixalus_cheesmanae_complex_sp_2           1.25%    passed     38.76%
 206  MB472_Choerophryne_sp_4                            0.00%    passed     58.32%
 207  MB475_Austrochaperina_C_aff__palmipes_4            0.00%    passed     98.74%
 208  MB479_Mantophryne_cf__lateralis_5                  2.91%    passed     97.41%
 209  MB482_Cophixalus_linnaeus                          0.24%    passed     86.36%
 210  MB483_Hylophorbus_cf__rufescens_5                  0.04%    passed     83.87%
 211  MB484_Oreophryne_A_cf__geislerorum_2               0.73%    passed     21.11%
 212  MB486_Paedophryne_swiftorum_complex_sp_2           6.51%    passed     29.80%
 213  MB508_Callulops_doriae_complex_sp_1                1.17%    passed     41.07%
 214  MB518_Mantophryne_cf__lateralis_1                  3.23%    passed     95.46%
 215  MB539_Austrochaperina_C_aff__palmipes_2            1.17%    passed     73.41%
 216  MB556_Hylophorbus_cf__rufescens_1                  1.25%    passed     94.69%
 217  MB571_Cophixalus_variabilis_complex_sp_3           0.00%    passed     93.20%
 218  MB583_Cophixalus_verrucosus_complex_sp_2           1.17%    passed     97.87%
 219  MB593_Liophryne_aff__dentata_3                     1.25%    passed     47.38%
 220  MB617_Cophixalus_desticans_complex_sp_1            0.00%    passed     44.78%
 221  MB626_Genyophryne_aff__thomsoni_2                  1.41%    passed     97.10%
 222  MB627_Oreophryne_B_penelopia                       1.33%    passed     80.94%
 223  BPBM31979_Hylophorbus_cf__rufescens_5              3.27%    passed     84.96%
 224  BPBM26182_Cophixalus_tomaiodactylus                1.29%    passed     98.92%
 225  BPBM23740_Callulops_personatus                     1.09%    passed     99.22%
 226  BPBM25837_Choerophryne_sp_3                        1.45%    passed     97.88%
 227  BPBM26194_Cophixalus_phaeobalius                   1.41%    passed     98.49%
 228  BPBM25754_Choerophryne_sp_4                        1.41%    passed     55.33%
 229  BPBM31337_Cophixalus_linnaeus                      1.37%    passed     86.18%
 230  BPBM31847_Cophixalus_cf__pipilans_2                0.28%    passed     71.79%
 231  BPBM31853_Genyophryne_aff__thomsoni_3              2.83%    passed     44.14%
 232  BPBM31808_Choerophryne_sp_1                        1.45%    passed     97.91%
 233  BPBM35367_Choerophryne_sp_4                        0.04%    passed     66.71%
 234  AA24862_Asterophrys_sp                             2.34%    passed     16.37%
 235  BPBM44363_Aphantophryne_sabini-Myola_GH            0.12%    passed     98.60%
 236  BPBM44369_Aphantophryne_sabini-Myola_GH            0.20%    passed     99.09%
 237  BPBM44373_Aphantophryne_sabini-Myola_GH            0.20%    passed     98.81%
 238  BJE1120_Oreophryne_A_senckenbergiana               1.29%    passed     43.70%
 239  BJE1143_Oreophryne_A_senckenbergiana               1.21%    passed     42.99%
 240  BJE1144_Oreophryne_A_senckenbergiana               1.21%    passed     42.49%
 241  BJE1248_Oreophryne_A_frontifasciata               21.82%    passed     75.31%
****  TOTAL                                              2.23%  2 sequences failed composition chi2 test (p-value<5%; df=3)
NOTE: No CharPartition defined, use all CharSets

Loading 15 partitions...
Subset	Type	Seqs	Sites	Infor	Invar	Model	Name
1		241	136	4	118	TEST+MERGE	sia_pos1
2		241	136	0	128	TEST+MERGE	sia_pos2
WARNING: No parsimony-informative sites in partition sia_pos2
3		241	135	72	45	TEST+MERGE	sia_pos3
4		241	173	78	78	TEST+MERGE	bdnf_pos1
5		241	172	16	154	TEST+MERGE	bdnf_pos2
6		241	172	4	163	TEST+MERGE	bdnf_pos3
7		241	185	16	144	TEST+MERGE	nxc_pos1
8		241	185	10	164	TEST+MERGE	nxc_pos2
9		241	185	96	52	TEST+MERGE	nxc_pos3
10		238	170	86	72	TEST+MERGE	cyb_pos1
11		238	170	59	99	TEST+MERGE	cyb_pos2
12		238	170	170	0	TEST+MERGE	cyb_pos3
13		233	162	110	39	TEST+MERGE	nd4_pos1
14		233	162	68	73	TEST+MERGE	nd4_pos2
15		233	162	162	0	TEST+MERGE	nd4_pos3
Degree of missing data: 0.009
Info: multi-threading strategy over partitions



Create initial parsimony tree by phylogenetic likelihood library (PLL)... 0.080 seconds
Perform fast likelihood tree search using GTR+I+G model...
Estimate model parameters (epsilon = 5.000)
Initial log-likelihood: -98602.166
Current log-likelihood at step 1: -85047.307
Current log-likelihood at step 2: -83600.507
Current log-likelihood at step 3: -83554.325
Current log-likelihood at step 4: -83528.650
Current log-likelihood at step 5: -83485.559
Current log-likelihood at step 6: -83478.564
Current log-likelihood at step 7: -83474.509
Parameters optimization took 6 rounds (7.330 sec)


WARNING: Estimated model parameters are at boundary that can cause numerical instability!

Perform nearest neighbor interchange...
Estimate model parameters (epsilon = 1.000)
Initial log-likelihood: -83187.770
Current log-likelihood at step 1: -83184.922
Current log-likelihood at step 2: -83184.184
Partition-specific rates:  0.379 0.269 0.987 0.477 0.215 0.640 0.573 0.368 0.413 1.463 0.542 2.751 2.456 0.781 2.720
Parameters optimization took 1 rounds (1.449 sec)


WARNING: Estimated model parameters are at boundary that can cause numerical instability!

Time for fast ML tree search: 12.080 seconds

NOTE: ModelFinder requires 6 MB RAM!
Selecting individual models for 15 charsets using BIC...
 No. Model        Score       TreeLen     Charset
   1 GTR+F+I+G4   1093.367    2.441       sia_pos1
   2 GTR+F+I+G4   635.032     1.449       sia_pos2
   3 GTR+F+I+G4   6843.238    6.938       sia_pos3
   4 GTR+F+I+G4   5869.000    3.353       bdnf_pos1
   5 GTR+F+I+G4   1589.462    0.714       bdnf_pos2
   6 GTR+F+I+G4   833.935     4.323       bdnf_pos3
   7 GTR+F+I+G4   2121.466    3.678       nxc_pos1
   8 GTR+F+I+G4   1629.369    2.557       nxc_pos2
   9 GTR+F+I+G4   6773.390    2.899       nxc_pos3
  10 GTR+F+I+G4   13680.579   10.174      cyb_pos1	0h:0m:0s (0h:0m:1s left)
  11 GTR+F+I+G4   5584.327    3.767       cyb_pos2	0h:0m:0s (0h:0m:1s left)
  12 GTR+F+ASC+G4 49859.806   19.147      cyb_pos3	0h:0m:0s (0h:0m:1s left)
  13 GTR+F+I+G4   17001.209   16.765      nd4_pos1	0h:0m:0s (0h:0m:1s left)
  14 GTR+F+I+G4   6940.006    5.342       nd4_pos2	0h:0m:0s (0h:0m:1s left)
  15 GTR+F+ASC+G4 46734.813   18.554      nd4_pos3	0h:0m:0s (0h:0m:1s left)
Full partition model BIC score: 171366.383 (LnL: -83178.806  df:641)
Merging models to increase model fit (about 39 total partition schemes)...
  16 GTR+F+I+G4   171397.053  2.410       nxc_pos1+cyb_pos2	0h:0m:1s (0h:0m:1s left)
  17 GTR+F+I+G4   171337.536  3.302       sia_pos1+nxc_pos2	0h:0m:1s (0h:0m:1s left)
  18 GTR+F+I+G4   171384.538  2.158       bdnf_pos1+nxc_pos1	0h:0m:1s (0h:0m:1s left)
  19 GTR+F+I+G4   171545.277  2.274       nxc_pos2+nxc_pos3	0h:0m:1s (0h:0m:2s left)
  20 GTR+F+I+G4   171404.631  3.844       bdnf_pos1+cyb_pos2	0h:0m:2s (0h:0m:2s left)
  21 GTR+F+I+G4   171325.069  3.302       bdnf_pos1+nxc_pos3	0h:0m:2s (0h:0m:2s left)
  22 GTR+F+I+G4   171399.046  1.911       sia_pos1+nxc_pos3	0h:0m:2s (0h:0m:2s left)
  23 GTR+F+I+G4   171370.505  2.029       bdnf_pos3+cyb_pos2	0h:0m:3s (0h:0m:2s left)
  24 GTR+F+ASC+G4 171402.708  19.205      cyb_pos3+nd4_pos3	0h:0m:4s (0h:0m:2s left)
  25 GTR+F+I+G4   171270.179  0.643       bdnf_pos3+nxc_pos1	0h:0m:5s (0h:0m:2s left)
  26 GTR+F+I+G4   171318.860  0.516       sia_pos2+bdnf_pos2	0h:0m:5s (0h:0m:2s left)
  27 GTR+F+I+G4   171681.110  41.749      nd4_pos1+nd4_pos3	0h:0m:6s (0h:0m:2s left)
  28 GTR+F+I+G4   171566.453  54.473      cyb_pos3+nd4_pos1	0h:0m:6s (0h:0m:2s left)
Merging bdnf_pos3+nxc_pos1 with BIC score: 171270.179 (LnL: -83173.681  df: 630)
  29 GTR+F+I+G4   171220.716  0.675       bdnf_pos2+bdnf_pos3+nxc_pos1	0h:0m:6s (0h:0m:2s left)
  30 GTR+F+I+G4   171343.029  2.755       bdnf_pos1+nxc_pos2	0h:0m:7s (0h:0m:2s left)
Merging bdnf_pos2+bdnf_pos3+nxc_pos1 with BIC score: 171220.716 (LnL: -83191.927  df: 619)
  31 GTR+F+I+G4   171166.874  0.625       sia_pos2+bdnf_pos2+bdnf_pos3+nxc_pos1	0h:0m:7s (0h:0m:1s left)
Merging sia_pos2+bdnf_pos2+bdnf_pos3+nxc_pos1 with BIC score: 171166.874 (LnL: -83207.982  df: 608)
Merging bdnf_pos1+nxc_pos3 with BIC score: 171125.560 (LnL: -83230.302  df: 597)
  32 GTR+F+I+G4   171204.549  3.921       bdnf_pos1+nxc_pos3+cyb_pos2	0h:0m:8s (0h:0m:1s left)
  33 GTR+F+I+G4   171289.235  2.696       bdnf_pos1+nxc_pos2+nxc_pos3	0h:0m:8s (0h:0m:1s left)
  34 GTR+F+I+G4   171149.646  2.541       sia_pos1+bdnf_pos1+nxc_pos3	0h:0m:8s (0h:0m:1s left)
  35 GTR+F+I+G4   171225.760  3.031       nxc_pos2+cyb_pos2	0h:0m:9s (0h:0m:1s left)
Merging sia_pos1+nxc_pos2 with BIC score: 171096.713 (LnL: -83258.856  df: 586)
  36 GTR+F+I+G4   171263.098  2.267       sia_pos1+bdnf_pos1+nxc_pos2+nxc_pos3	0h:0m:9s (0h:0m:0s left)
  37 GTR+F+I+G4   171176.418  2.177       sia_pos1+nxc_pos2+cyb_pos2	0h:0m:9s (0h:0m:0s left)
  38 GTR+F+I+G4   171054.117  4.643       cyb_pos2+nd4_pos2	0h:0m:10s (0h:0m:0s left)
Merging cyb_pos2+nd4_pos2 with BIC score: 171054.117 (LnL: -83280.535  df: 575)
  39 GTR+F+I+G4   171226.580  2.937       sia_pos1+nxc_pos2+cyb_pos2+nd4_pos2	0h:0m:10s (0h:0m:0s left)
  40 GTR+F+I+G4   171213.311  4.625       bdnf_pos1+nxc_pos3+cyb_pos2+nd4_pos2	0h:0m:11s (0h:0m:0s left)
Agglomerative model selection: ((sia_pos1,nxc_pos2)5:171097,(sia_pos2,(bdnf_pos2,(bdnf_pos3,nxc_pos1)1:171270)2:171221)3:171167,sia_pos3,(bdnf_pos1,nxc_pos3)4:171126,cyb_pos1,(cyb_pos2,nd4_pos2)6:171054,cyb_pos3,nd4_pos1,nd4_pos3)
Merging into 9 partitions...
  41 K2P+I+G4     2703.430    sia_pos1+nxc_pos2	0h:0m:13s (0h:0m:-1s left)
  42 TVMe+I+G4    5076.404    sia_pos2+bdnf_pos2+bdnf_pos3+nxc_pos1	0h:0m:15s (0h:0m:-2s left)
  43 TN+F+G4      6829.074    sia_pos3	0h:0m:18s (0h:0m:-2s left)
  44 K2P+I+G4     12609.985   bdnf_pos1+nxc_pos3	0h:0m:24s (0h:0m:-3s left)
  45 TIM2e+I+G4   13670.619   cyb_pos1	0h:0m:25s (0h:0m:-4s left)
  46 GTR+F+I+G4   12519.090   cyb_pos2+nd4_pos2	0h:0m:29s (0h:0m:-5s left)
  47 TIM2+F+ASC   49850.053   cyb_pos3	0h:0m:35s (0h:0m:-7s left)
  48 TIM2+F+I+G4  16998.600   nd4_pos1	0h:0m:37s (0h:0m:-8s left)
  49 TN+F+ASC+G4  46288.733   nd4_pos3	0h:0m:43s (0h:0m:-9s left)
Best partition model BIC score: 170427.079 (LnL: -83103.760  df:540)
Partition information was printed to out/locicodon.merge.best_scheme.nex
Partition information in Raxml format was printed to out/locicodon.merge.best_scheme

All model information printed to out/locicodon.merge.model.gz
CPU time for ModelFinder: 55.031 seconds (0h:0m:55s)
Wall-clock time for ModelFinder: 55.469 seconds (0h:0m:55s)
Generating 1000 samples for ultrafast bootstrap (seed: 435969)...

NOTE: 48 MB RAM (0 GB) is required!
Estimate model parameters (epsilon = 0.100)
Initial log-likelihood: -83124.470
Current log-likelihood at step 1: -83099.403
Current log-likelihood at step 2: -83099.008
Current log-likelihood at step 3: -83098.859
Current log-likelihood at step 4: -83098.806
Partition-specific rates:  0.211 0.040 0.500 0.223 0.706 0.304 5.062 1.123 5.990
Parameters optimization took 3 rounds (1.109 sec)

Computing ML distances based on estimated model parameters...
Computing ML distances took 0.004958 sec (of wall-clock time) 0.000000 sec(of CPU time)
WARNING: Some pairwise ML distances are too long (saturated)
Computing RapidNJ tree took 0.000925 sec (of wall-clock time) 0.000000 sec (of CPU time)
Log-likelihood of RapidNJ tree: -121845.180
--------------------------------------------------------------------
|             INITIALIZING CANDIDATE TREE SET                      |
--------------------------------------------------------------------
Generating 98 parsimony trees... 8.690 second
Computing log-likelihood of 98 initial trees ... 9.076 seconds
Current best score: -83098.806

Do NNI search on 20 best initial trees
Estimate model parameters (epsilon = 0.100)
Initial log-likelihood: -83043.305
Current log-likelihood at step 1: -83042.554
Current log-likelihood at step 2: -83042.431
Current log-likelihood at step 3: -83042.370
Parameters optimization took 2 rounds (0.743 sec)

BETTER TREE FOUND at iteration 1: -83042.370
Estimate model parameters (epsilon = 0.100)
Initial log-likelihood: -82985.003
Current log-likelihood at step 1: -82983.147
Current log-likelihood at step 2: -82982.945
Current log-likelihood at step 3: -82982.859
Parameters optimization took 2 rounds (0.823 sec)

BETTER TREE FOUND at iteration 2: -82982.859
Estimate model parameters (epsilon = 0.100)
Initial log-likelihood: -82888.645
Current log-likelihood at step 1: -82886.888
Current log-likelihood at step 2: -82886.773
Current log-likelihood at step 3: -82886.736
Parameters optimization took 2 rounds (0.782 sec)

BETTER TREE FOUND at iteration 3: -82886.736
Estimate model parameters (epsilon = 0.100)
Initial log-likelihood: -82886.656
Current log-likelihood at step 1: -82886.298
Current log-likelihood at step 2: -82886.211
Parameters optimization took 1 rounds (0.472 sec)

BETTER TREE FOUND at iteration 5: -82886.211
Estimate model parameters (epsilon = 0.100)
Initial log-likelihood: -82882.576
Current log-likelihood at step 1: -82882.266
Current log-likelihood at step 2: -82882.215
Parameters optimization took 1 rounds (0.478 sec)

BETTER TREE FOUND at iteration 8: -82882.215
Iteration 10 / LogL: -82903.380 / Time: 0h:0m:42s
Iteration 20 / LogL: -82954.067 / Time: 0h:1m:2s
Finish initializing candidate tree set (20)
Current best tree score: -82882.215 / CPU time: 59.556
Number of iterations: 20
--------------------------------------------------------------------
|               OPTIMIZING CANDIDATE TREE SET                      |
--------------------------------------------------------------------
Estimate model parameters (epsilon = 0.100)
Initial log-likelihood: -82853.125
Current log-likelihood at step 1: -82852.929
Current log-likelihood at step 2: -82852.887
Parameters optimization took 1 rounds (0.471 sec)

BETTER TREE FOUND at iteration 25: -82852.887
Iteration 30 / LogL: -82865.682 / Time: 0h:1m:18s (0h:4m:16s left)
Estimate model parameters (epsilon = 0.100)
Initial log-likelihood: -82845.258
Current log-likelihood at step 1: -82845.068
Current log-likelihood at step 2: -82845.025
Parameters optimization took 1 rounds (0.484 sec)

BETTER TREE FOUND at iteration 31: -82845.025
Estimate model parameters (epsilon = 0.100)
Initial log-likelihood: -82832.481
Current log-likelihood at step 1: -82831.503
Current log-likelihood at step 2: -82831.402
Current log-likelihood at step 3: -82831.352
Parameters optimization took 2 rounds (0.788 sec)

BETTER TREE FOUND at iteration 33: -82831.352
Iteration 40 / LogL: -82833.365 / Time: 0h:1m:35s (0h:3m:46s left)
Estimate model parameters (epsilon = 0.100)
Initial log-likelihood: -82828.516
Current log-likelihood at step 1: -82828.340
Current log-likelihood at step 2: -82828.270
Parameters optimization took 1 rounds (0.461 sec)

BETTER TREE FOUND at iteration 47: -82828.270
Iteration 50 / LogL: -82834.106 / Time: 0h:1m:51s (0h:3m:40s left)
Log-likelihood cutoff on original alignment: -82963.041
Estimate model parameters (epsilon = 0.100)
Initial log-likelihood: -82827.033
Current log-likelihood at step 1: -82826.985
Parameters optimization took 0 rounds (0.228 sec)

BETTER TREE FOUND at iteration 54: -82826.985
Iteration 60 / LogL: -82833.202 / Time: 0h:2m:7s (0h:3m:22s left)
Iteration 70 / LogL: -82829.334 / Time: 0h:2m:22s (0h:2m:53s left)
Iteration 80 / LogL: -82827.121 / Time: 0h:2m:38s (0h:2m:28s left)
Iteration 90 / LogL: -82870.420 / Time: 0h:2m:53s (0h:2m:4s left)
Iteration 100 / LogL: -82832.934 / Time: 0h:3m:9s (0h:1m:43s left)
Log-likelihood cutoff on original alignment: -82963.041
NOTE: Bootstrap correlation coefficient of split occurrence frequencies: 0.993
Iteration 110 / LogL: -82852.177 / Time: 0h:3m:24s (0h:2m:49s left)
Iteration 120 / LogL: -82827.767 / Time: 0h:3m:40s (0h:2m:28s left)
Iteration 130 / LogL: -82840.362 / Time: 0h:3m:56s (0h:2m:8s left)
Iteration 140 / LogL: -82828.267 / Time: 0h:4m:11s (0h:1m:48s left)
Iteration 150 / LogL: -82827.261 / Time: 0h:4m:25s (0h:1m:29s left)
Log-likelihood cutoff on original alignment: -82963.041
TREE SEARCH COMPLETED AFTER 155 ITERATIONS / Time: 0h:4m:34s

--------------------------------------------------------------------
|                    FINALIZING TREE SEARCH                        |
--------------------------------------------------------------------
Performs final model parameters optimization
Estimate model parameters (epsilon = 0.010)
Initial log-likelihood: -82826.985
Current log-likelihood at step 1: -82826.954
Current log-likelihood at step 2: -82826.929
Current log-likelihood at step 3: -82826.908
Current log-likelihood at step 4: -82826.880
Current log-likelihood at step 5: -82826.862
Current log-likelihood at step 6: -82826.845
Current log-likelihood at step 7: -82826.828
Current log-likelihood at step 8: -82826.813
Current log-likelihood at step 9: -82826.798
Current log-likelihood at step 10: -82826.782
Current log-likelihood at step 11: -82826.767
Current log-likelihood at step 12: -82826.753
Current log-likelihood at step 13: -82826.739
Current log-likelihood at step 14: -82826.726
Current log-likelihood at step 15: -82826.706
Current log-likelihood at step 16: -82826.685
Current log-likelihood at step 17: -82826.667
Current log-likelihood at step 18: -82826.648
Current log-likelihood at step 19: -82826.632
Current log-likelihood at step 20: -82826.617
Current log-likelihood at step 21: -82826.604
Current log-likelihood at step 22: -82826.590
Current log-likelihood at step 23: -82826.578
Current log-likelihood at step 24: -82826.566
Current log-likelihood at step 25: -82826.554
Current log-likelihood at step 26: -82826.542
Current log-likelihood at step 27: -82826.530
Current log-likelihood at step 28: -82826.519
Current log-likelihood at step 29: -82826.506
Current log-likelihood at step 30: -82826.495
Current log-likelihood at step 31: -82826.484
Current log-likelihood at step 32: -82826.473
Current log-likelihood at step 33: -82826.462
Current log-likelihood at step 34: -82826.451
Current log-likelihood at step 35: -82826.441
Current log-likelihood at step 36: -82826.431
Current log-likelihood at step 37: -82826.420
Current log-likelihood at step 38: -82826.409
Current log-likelihood at step 39: -82826.399
Current log-likelihood at step 40: -82826.389
Partition-specific rates:  0.206 0.037 0.495 0.212 0.710 0.300 5.010 1.106 6.111
Parameters optimization took 39 rounds (9.418 sec)

Partition information was printed to out/locicodon.merge.best_model.nex
BEST SCORE FOUND : -82826.389
Creating bootstrap support values...
Split supports printed to NEXUS file out/locicodon.merge.splits.nex
Total tree length: 15.410

Total number of iterations: 155
CPU time used for tree search: 271.297 sec (0h:4m:31s)
Wall-clock time used for tree search: 271.471 sec (0h:4m:31s)
Total CPU time used: 284.109 sec (0h:4m:44s)
Total wall-clock time used: 283.973 sec (0h:4m:43s)

Computing bootstrap consensus tree...
Reading input file out/locicodon.merge.splits.nex...
241 taxa and 941 splits.
Consensus tree written to out/locicodon.merge.contree
Reading input trees file out/locicodon.merge.contree
Log-likelihood of consensus tree: -82827.653

Analysis results written to: 
  IQ-TREE report:                out/locicodon.merge.iqtree
  Maximum-likelihood tree:       out/locicodon.merge.treefile
  Likelihood distances:          out/locicodon.merge.mldist
  Best partitioning scheme:      out/locicodon.merge.best_scheme.nex
           in RAxML format:      out/locicodon.merge.best_scheme

Ultrafast bootstrap approximation results written to:
  Split support values:          out/locicodon.merge.splits.nex
  Consensus tree:                out/locicodon.merge.contree
  Screen log file:               out/locicodon.merge.log

--- Start phylogenetic dating ---
Reading date file input/asterophryinae_dates.txt ...
5 dates extracted
Building time tree by least-square dating (LSD) with command:
lsd -i out/locicodon.merge.timetree.subst -s 2475 -o out/locicodon.merge.timetree -g out/locicodon.merge.timetree.outgroup -d out/locicodon.merge.timetree.date -z 0 
Reroot the tree(s) using given outgroups ...

TREE 1
*PROCESSING:
Reading the tree ... 
Collapse 0 (over 239) internal branches having branch length <= 0.000202
 (settable via option -l)
Parameter to adjust variances was set to 0.0214 (settable via option -b)
Minimum branch length of time scaled tree (settable via option -u and -U): 0
Estimating the root position on the branch defined by given outgroups ...
*RESULTS:
- Dating results:
 rate 0.00747197, tMRCA -29.9719 , objective function 1.16132

TOTAL ELAPSED TIME: 0 seconds
LSD results written to:
  LSD report:                  out/locicodon.merge.timetree.lsd
  Time tree in nexus format:   out/locicodon.merge.timetree.nex
  Time tree in newick format:  out/locicodon.merge.timetree.nwk

--- End phylogenetic dating ---
Date and Time: Fri Mar 31 21:23:59 2023
