IQ-TREE multicore version 2.1.2 COVID-edition for Windows 64-bit built Oct 22 2020
Developed by Bui Quang Minh, James Barbetti, Nguyen Lam Tung,
Olga Chernomor, Heiko Schmidt, Dominik Schrempf, Michael Woodhams.

Host:    MSI (AVX512, FMA3, 15 GB RAM)
Command: C:\Program Files\iqtree-2.1.2-Windows\bin\iqtree2.exe -s input/asterophryinae_20230305.phy -p input/asterophryinae_locicodon.nex -m TEST --prefix out/locicodon -B 1000 -redo
Seed:    503117 (Using SPRNG - Scalable Parallel Random Number Generator)
Time:    Sat Apr 01 00:07:25 2023
Kernel:  AVX+FMA - 1 threads (16 CPU cores detected)

HINT: Use -nt option to specify number of threads because your CPU has 16 cores!
HINT: -nt AUTO will automatically determine the best number of threads to use.

Reading partition model file input/asterophryinae_locicodon.nex ...
Reading alignment file input/asterophryinae_20230305.phy ... Phylip format detected
Alignment most likely contains DNA/RNA sequences
Alignment has 241 sequences with 2475 columns, 1396 distinct patterns
951 parsimony-informative, 195 singleton sites, 1329 constant sites
                                                 Gap/Ambiguity  Composition  p-value
   1  ABTC116941_Oreophryne_A_graminis                  21.21%    passed      9.71%
   2  BPBM47733_Choerophryne_darlingtoni_complex_sp_1    0.28%    passed     96.60%
   3  BPBM47780_Cophixalus_cf__cryptotympanum            2.14%    passed     91.67%
   4  BPBM47792_Hylophorbus_cf__rufescens_14            20.85%    passed     24.73%
   5  BPBM47804_Cophixalus_darlingtoni                   5.41%    passed     98.10%
   6  BPBM31882_Paedophryne_swiftorum_complex_sp_1      22.42%    passed     19.52%
   7  BPBM47713_Paedophryne_amauensis                    0.08%    passed     92.53%
   8  BPBM47786_Callulops_sp_2                           3.68%    passed     93.38%
   9  UMMZ242263_Cophixalus_variabilis_complex_sp_1      1.25%    passed     72.08%
  10  UMMZ242338_Liophryne_aff__dentata_1                0.00%    passed     17.75%
  11  UMMZ242317_Hylophorbus_cf__rufescens_1             0.00%    passed     95.92%
  12  UMMZ242212_Austrochaperina_C_aff__palmipes_1       1.70%    passed     77.36%
  13  UMMZ242361_Mantophryne_cf__lateralis_1             0.04%    passed     85.97%
  14  UMMZ242309_Genyophryne_aff__thomsoni_1             0.44%    passed     87.40%
  15  UMMZ242349_Cophixalus_verrucosus_complex_sp_1      1.41%    passed     98.39%
  16  UMMZ242404_Oreophryne_A_sp_8                       0.00%    passed     13.57%
  17  UMMZ242232_Cophixalus_desticans_complex_sp_1       0.36%    passed     45.73%
  18  UMMZ242226_Callulops_doriae_complex_sp_1           0.20%    passed     65.99%
  19  FK16913_Paedophryne_titan                          0.48%    passed     19.15%
  20  UMMZ242398_Oreophryne_B_penelopia                  0.12%    passed     94.97%
  21  BPBM47888_Hylophorbus_cf__rufescens_13             4.24%    passed     97.91%
  22  JAM11383_Oreophryne_B_sp_5                         1.82%    passed     81.25%
  23  BPBM35843_Cophixalus_cf__pipilans_1                0.20%    passed     23.99%
  24  BPBM40083_Copiula_sp_1                             1.29%    passed     78.83%
  25  BPBM20571_Oreophryne_B_sp_2                        0.20%    passed     74.23%
  26  BPBM22664_Austrochaperina_A_sp_1                   1.58%    passed     79.76%
  27  BPBM20396_Mantophryne_cf__lateralis_1              0.24%    passed     94.07%
  28  BPBM48036_Paedophryne_sp_2                        20.00%    passed     27.41%
  29  BPBM35561_Choerophryne_gudrunae                    1.41%    passed     97.20%
  30  BPBM40135_Mantophryne_insignis                     0.12%    passed     84.40%
  31  BPBM39638_Hylophorbus_myopicus                     1.49%    passed    100.00%
  32  BPBM20572_Oreophryne_B_sp_3                        5.17%    passed     95.08%
  33  BPBM13110_Asterophrys_slateri                      0.93%    passed     34.14%
  34  BPBM33669_Callulops_wilhelmanus                    0.20%    passed     97.12%
  35  BPBM16554_Oreophryne_A_philosylleptoris            0.20%    passed     14.90%
  36  BPBM20262_Copiula_sp_2                             5.86%    passed     88.13%
  37  BPBM39000_Oreophryne_B_sp_1                        0.20%    passed     83.57%
  38  BPBM34677_Oreophryne_A_cameroni                    5.74%    passed     47.88%
  39  BPBM38990_Oreophryne_A_sp_2                        0.81%    passed     25.28%
  40  BPBM16181_Hylophorbus_cf__rufescens_2              0.24%    passed     96.81%
  41  BPBM39048_Cophixalus_sp_3                          0.69%    passed     49.47%
  42  BPBM34688_Oreophryne_A_biroi                       0.16%    passed     28.23%
  43  BPBM38939_Copiula_sp_7                            20.04%    passed     38.88%
  44  BPBM22675_Choerophryne_longirostris                0.12%    passed     95.90%
  45  BPBM18450_Hylophorbus_cf__rufescens_6              0.20%    passed     83.63%
  46  BPBM22504_Hylophorbus_cf__rufescens_12             1.45%    passed     82.58%
  47  BPBM39357_Oreophryne_B_sp_6                        0.32%    passed     87.01%
  48  BPBM20522_Oreophryne_A_aurora                      0.28%    passed     94.40%
  49  BPBM40145_Oreophryne_A_sp_6                        2.46%    passed     30.55%
  50  BPBM39569_Hylophorbus_cf__rufescens_9              0.04%    passed     99.01%
  51  BPBM22780_Mantophryne_cf__lateralis_3              1.25%    passed     99.39%
  52  BPBM39007_Copiula_sp_3                            20.97%    passed     21.16%
  53  BPBM19265_Mantophryne_cf__lateralis_4              1.29%    passed     99.16%
  54  BPBM33763_Oreophryne_A_anamiatoi                   0.12%    passed     59.29%
  55  BPBM22692_Cophixalus_balbus                        1.41%    passed     98.67%
  56  BPBM39244_Oreophryne_A_sp_3                        1.58%    passed     45.36%
  57  BPBM22689_Oreophryne_A_cf__cameroni                1.82%    passed     48.15%
  58  BPBM18430_Cophixalus_albolineatus                  1.21%    passed     68.02%
  59  BPBM38988_Oreophryne_B_sp_4                        2.34%    passed     83.93%
  60  BPBM33707_Cophixalus_caverniphilus                 1.98%    passed     83.04%
  61  BPBM39991_Choerophryne_bryonopsis                  1.70%    passed     58.86%
  62  BPBM39631_Hylophorbus_cf__rufescens_7              0.24%    passed     98.72%
  63  BPBM19320_Cophixalus_nexipus                       1.70%    passed     88.14%
  64  BPBM37122_Callulops_sp_1                           0.04%    passed     91.62%
  65  BPBM34724_Hylophorbus_atrifasciatus                0.04%    passed     90.27%
  66  BPBM18392_Cophixalus_cheesmanae_complex_sp_1       3.07%    passed     74.80%
  67  BPBM39929_Liophryne_miniafia                       0.00%    passed     96.69%
  68  BPBM35866_Hylophorbus_cf__rufescens_15             0.04%    passed     95.82%
  69  BPBM17959_Cophixalus_sp_4                          0.16%    passed     93.15%
  70  BPBM40000_Austrochaperina_A_sp_2                   0.04%    passed     80.15%
  71  BPBM19277_Cophixalus_iovaorum                      0.16%    passed     86.10%
  72  BPBM19338_Hylophorbus_cf__rufescens_10             0.20%    passed     99.69%
  73  BPBM37232_Hylophorbus_cf__rufescens_3              0.28%    passed     96.62%
  74  BPBM38914_Barygenys_maculata                       0.12%    passed     12.44%
  75  BPBM19371_Oreophryne_A_sp_4                        0.00%    passed     76.11%
  76  BPBM33749_Hylophorbus_richardsi                    0.08%    passed     85.61%
  77  BPBM18429_Cophixalus_albolineatus                  2.55%    passed     84.86%
  78  BPBM33664_Choerophryne_darlingtoni_complex_sp_2    0.81%    passed     98.97%
  79  BPBM34679_Choerophryne_proboscidea                 0.57%    passed     92.40%
  80  BPBM20538_Oreophryne_B_sp_3                        0.85%    passed     99.71%
  81  BPBM19314_Cophixalus_ateles                        2.18%    passed     96.02%
  82  BPBM38992_Oreophryne_A_sp_2                        1.98%    passed     32.27%
  83  BPBM39510_Oreophryne_B_phoebe                      1.54%    passed     55.11%
  84  BPBM37718_Cophixalus_clapporum                    20.97%    passed     29.96%
  85  BPBM39344_Oreophryne_B_sp_4                        1.25%    passed     47.08%
  86  BPBM38904_Barygenys_apodasta                       1.62%    passed     59.40%
  87  BPBM20126_Barygenys_aff__exsul_1                   1.78%    passed     37.71%
  88  BPBM15814_Cophixalus_variabilis_complex_sp_2       5.17%    passed     97.34%
  89  BPBM15708_Cophixalus_desticans_complex_sp_2        0.16%    passed     62.78%
  90  BPBM33674_Oreophryne_A_notata                      2.79%    failed      2.69%
  91  BPBM35692_Hylophorbus_cf__proekes                  1.78%    passed     61.14%
  92  BPBM20141_Callulops_doriae_complex_sp_2            1.78%    passed     44.31%
  93  BPBM17048_Hylophorbus_cf__rufescens_11             1.82%    passed     97.14%
  94  BPBM18509_Oreophryne_A_lemur                       1.41%    passed     85.29%
  95  BPBM33780_Xenorhina_parkerorum                     2.75%    passed     65.42%
  96  BPBM15259_Barygenys_resima                         1.94%    passed     46.73%
  97  BPBM20501_Oreophryne_B_meliades                    0.32%    passed     85.03%
  98  BPBM35986_Hylophorbus_cf__rufescens_17             2.02%    passed     95.61%
  99  BPBM27491_Cophixalus_verrucosus_complex_sp_3       1.13%    passed     84.33%
 100  BPBM15775_Oreophryne_B_equus                       1.45%    passed     73.73%
 101  BPBM15410_Mantophryne_cf__lateralis_2              1.25%    passed     97.77%
 102  BPBM39366_Oreophryne_A_sp_5                        1.86%    passed     85.70%
 103  BPBM37753_Paedophryne_dekot                        1.86%    passed     98.09%
 104  BPBM15707_Cophixalus_sp_5                          0.08%    passed     91.17%
 105  BPBM35735_Austrochaperina_B_sp_3                   0.00%    passed     96.90%
 106  TNHC58922_Oreophryne_B_variabilis                  3.19%    passed     63.12%
 107  CMNH1366_Oreophryne_A_anulata                      2.30%    passed     10.04%
 108  KU321316_Oreophryne_A_nana                         1.78%    passed     12.39%
 109  BPBM18605_Copiula_fistulans                        0.36%    passed     87.45%
 110  BPBM41683_Aphantophryne_B_pansa.3-Omunia_Camp      3.03%    passed     96.28%
 111  BPBM41681_Aphantophryne_B_pansa.3-Omunia_Camp      4.57%    passed     99.65%
 112  BPBM41685_Aphantophryne_B_pansa.3-Omunia_Camp      1.37%    passed     99.61%
 113  BPBM41682_Aphantophryne_B_pansa.3-Omunia_Camp      1.37%    passed     97.54%
 114  BPBM17084_Copiula_oxyrhina                         1.25%    passed     92.24%
 115  BPBM13862_Austrochaperina_B_macrorhyncha           0.85%    passed     96.73%
 116  BPBM18351_Choerophryne_gunnari                     2.26%    passed     53.45%
 117  BPBM20357_Genyophryne_thomsoni                     1.94%    passed     66.73%
 118  BPBM22740_Hylophorbus_cf__rufescens_16             1.13%    passed     95.66%
 119  BPBM20369_Hylophorbus_extimus                      0.85%    passed     97.27%
 120  BPBM22761_Hylophorbus_proekes                      0.85%    passed     97.43%
 121  BPBM15373_Liophryne_aff__dentata_2                 1.37%    passed     39.91%
 122  BPBM22754_Liophryne_schlaginhaufeni                1.13%    passed     51.23%
 123  BPBM20142_Mantophryne_louisiadensis                3.39%    passed     85.19%
 124  BPBM22511_Oreophryne_A_brachypus                   1.58%    passed     44.28%
 125  BPBM18510_Oreophryne_A_cf__geislerorum_1           1.17%    passed     28.30%
 126  BPBM17847_Choerophryne_sanguinopictus              1.66%    passed     98.81%
 127  BPBM16217_Oreophryne_A_inornata                    0.93%    passed     66.13%
 128  BPBM16546_Oreophryne_B_insulana                    2.63%    passed     77.70%
 129  BPBM22539_Oreophryne_A_loriae                      1.41%    passed     71.49%
 130  BPBM17890_Oxydactyla_crassa                        1.21%    passed     76.18%
 131  BPBM31477_Mantophryne_menziesi                     0.89%    passed     97.87%
 132  BPBM22793_Sphenophryne_cornuta                     3.64%    passed     59.94%
 133  BPBM22797_Xenorhina_arboricola                     0.89%    failed      3.81%
 134  BPBM28179_Xenorhina_mehelyi                        0.89%    passed     16.57%
 135  BPBM14060_Xenorhina_ocellata                       2.46%    passed     37.05%
 136  BPBM22795_Xenorhina_tumulus                        0.81%    passed      6.50%
 137  BPBM28153_Asterophrys_leucopus                     0.89%    passed     62.03%
 138  BPBM22649_Choerophryne_brunhildae                  0.97%    passed     90.66%
 139  BPBM18317_Choerophryne_exclamitans                 1.54%    passed     91.32%
 140  BPBM28204_Asterophrys_turpicola                    0.97%    passed     58.59%
 141  BPBM22665_Austrochaperina_B_basipalmata            1.62%    passed     71.00%
 142  BPBM22656_Austrochaperina_B_blumi                  1.29%    passed     90.00%
 143  BPBM22708_Copiula_tyleri                           0.04%    passed     73.77%
 144  BPBM22481_Austrochaperina_A_novaebritanniae        1.66%    passed     85.13%
 145  BPBM20112_Austrochaperina_A_yelaensis              3.84%    passed     72.30%
 146  BPBM15234_Austrochaperina_C_aff__palmipes_3        0.12%    passed     96.64%
 147  BPBM25756_Barygenys_atra                           0.85%    passed     48.58%
 148  BPBM25760_Barygenys_sp                             0.04%    passed     99.75%
 149  BPBM18504_Callulops_personatus                     0.89%    passed     99.31%
 150  BPBM13155_Callulops_eremnosphax                    1.62%    passed     91.58%
 151  BPBM20215_Cophixalus_cupricarenus                  2.51%    passed     94.82%
 152  BPBM20197_Cophixalus_melanops                      2.34%    passed     67.44%
 153  BPBM15665_Copiula_minor                            1.13%    passed     64.00%
 154  BPBM20287_Copiula_sp_6                            22.38%    passed     17.00%
 155  BPBM17827_Copiula_sp_4                             1.13%    passed     89.01%
 156  BPBM18388_Austrochaperina_A_parkeri                0.85%    passed     88.19%
 157  BPBM15355_Hylophorbus_cf__rufescens_4              1.13%    passed     85.90%
 158  BPBM18033_Hylophorbus_cf__rufescens_8              1.05%    passed     96.59%
 159  BPBM18441_Hylophorbus_cf__rufescens_12             1.45%    passed     81.97%
 160  BPBM18315_Liophryne_allisoni                       0.85%    passed     56.59%
 161  BPBM19360_Liophryne_magnitympanum                  1.29%    passed     64.61%
 162  BPBM20397_Mantophryne_axanthogaster                0.89%    passed     99.79%
 163  BPBM22784_Oreophryne_A_parkeri                    21.70%    passed     21.76%
 164  BPBM18128_Oreophryne_B_picticrus                   1.90%    passed     63.58%
 165  BPBM18002_Oreophryne_A_sp_7                        1.90%    passed     69.44%
 166  BPBM17980_Oreophryne_B_matawan                     6.95%    passed     80.16%
 167  BPBM22668_Austrochaperina_B_septentrionalis        1.86%    passed     63.65%
 168  BPBM22789_Oreophryne_A_parkopanorum                1.17%    passed     14.79%
 169  BPBM21474_Xenorhina_adisca                         1.09%    passed     37.08%
 170  BPBM22685_Choerophryne_rostellifer                 0.12%    passed     88.29%
 171  UMMZ211174_Dyscophis_antongilli                    2.18%    passed     83.90%
 172  UMMZ211181_Platypelis_grandis                      2.42%    passed     70.33%
 173  UMMZ219489_Scaphiophryne_marmorata                 0.08%    passed     78.46%
 174  BPBM20128_Barygenys_exsul                          0.89%    passed      8.08%
 175  ZMB74609_Asterophrys_senglaubi                     1.37%    passed     49.29%
 176  ZMB70535_Asterophrys_eurydactylus                  1.29%    passed     19.17%
 177  ZMB70187_Asterophrys_cf__marani                    1.58%    passed     20.48%
 178  ZMB63882_Asterophrys_marani                        2.63%    passed     40.93%
 179  ZMB70185_Asterophrys_cf__marani                    1.54%    passed     20.70%
 180  FK15527_Paedophryne_verrucosa                      1.49%    passed     23.45%
 181  BPBM39156_Oreophryne_A_sp_1                        0.81%    passed     33.48%
 182  BPBM19236_Callulops_bicolor                        1.54%    passed     56.74%
 183  BPBM35836_Callulops_microtis                       0.93%    passed     88.41%
 184  BPBM34741_Xenorhina_obesa                          0.85%    passed     33.97%
 185  BPBM20532_Oreophryne_B_sp_3                        0.89%    passed     99.80%
 186  BPBM15232_Austrochaperina_C_aff__palmipes_3        0.89%    passed     85.46%
 187  BPBM20469_Oreophryne_B_ezra                        4.16%    passed     42.92%
 188  BPBM33637_Choerophryne_murrita                     0.97%    passed     98.63%
 189  BPBM40143_Oreophryne_B_brunnea                     0.04%    passed     46.13%
 190  BPBM18097_Cophixalus_timidus                       1.29%    passed     86.66%
 191  BPBM20440_Oreophryne_B_meliades                    0.32%    passed     87.91%
 192  BPBM34697_Xenorhina_oxycephala                     0.00%    passed     29.14%
 193  BPBM16806_Callulops_robustus                       0.04%    passed     91.61%
 194  MB233_Cophixalus_sp_1                              2.71%    passed     72.31%
 195  MB291_Paedophryne_sp_1                             3.64%    passed     82.03%
 196  MB294_Hylophorbus_cf__rufescens_12                 0.04%    passed     87.73%
 197  MB300_Choerophryne_gunnari                         0.12%    passed     45.91%
 198  MB302_Cophixalus_sp_2                              0.00%    passed     54.48%
 199  MB309_Copiula_sp_5                                 2.51%    passed     68.80%
 200  MB327_Xenorhina_sp_1                              19.64%    passed     13.32%
 201  MB331_Mantophryne_cf__lateralis_4                  0.04%    passed     89.33%
 202  MB342_Oreophryne_A_loriae                          1.25%    passed     64.96%
 203  MB463_Choerophryne_sp_2                            0.44%    passed     84.86%
 204  MB466_Choerophryne_sp_1                            0.00%    passed     99.97%
 205  MB470_Cophixalus_cheesmanae_complex_sp_2           1.25%    passed     38.76%
 206  MB472_Choerophryne_sp_4                            0.00%    passed     58.32%
 207  MB475_Austrochaperina_C_aff__palmipes_4            0.00%    passed     98.74%
 208  MB479_Mantophryne_cf__lateralis_5                  2.91%    passed     97.41%
 209  MB482_Cophixalus_linnaeus                          0.24%    passed     86.36%
 210  MB483_Hylophorbus_cf__rufescens_5                  0.04%    passed     83.87%
 211  MB484_Oreophryne_A_cf__geislerorum_2               0.73%    passed     21.11%
 212  MB486_Paedophryne_swiftorum_complex_sp_2           6.51%    passed     29.80%
 213  MB508_Callulops_doriae_complex_sp_1                1.17%    passed     41.07%
 214  MB518_Mantophryne_cf__lateralis_1                  3.23%    passed     95.46%
 215  MB539_Austrochaperina_C_aff__palmipes_2            1.17%    passed     73.41%
 216  MB556_Hylophorbus_cf__rufescens_1                  1.25%    passed     94.69%
 217  MB571_Cophixalus_variabilis_complex_sp_3           0.00%    passed     93.20%
 218  MB583_Cophixalus_verrucosus_complex_sp_2           1.17%    passed     97.87%
 219  MB593_Liophryne_aff__dentata_3                     1.25%    passed     47.38%
 220  MB617_Cophixalus_desticans_complex_sp_1            0.00%    passed     44.78%
 221  MB626_Genyophryne_aff__thomsoni_2                  1.41%    passed     97.10%
 222  MB627_Oreophryne_B_penelopia                       1.33%    passed     80.94%
 223  BPBM31979_Hylophorbus_cf__rufescens_5              3.27%    passed     84.96%
 224  BPBM26182_Cophixalus_tomaiodactylus                1.29%    passed     98.92%
 225  BPBM23740_Callulops_personatus                     1.09%    passed     99.22%
 226  BPBM25837_Choerophryne_sp_3                        1.45%    passed     97.88%
 227  BPBM26194_Cophixalus_phaeobalius                   1.41%    passed     98.49%
 228  BPBM25754_Choerophryne_sp_4                        1.41%    passed     55.33%
 229  BPBM31337_Cophixalus_linnaeus                      1.37%    passed     86.18%
 230  BPBM31847_Cophixalus_cf__pipilans_2                0.28%    passed     71.79%
 231  BPBM31853_Genyophryne_aff__thomsoni_3              2.83%    passed     44.14%
 232  BPBM31808_Choerophryne_sp_1                        1.45%    passed     97.91%
 233  BPBM35367_Choerophryne_sp_4                        0.04%    passed     66.71%
 234  AA24862_Asterophrys_sp                             2.34%    passed     16.37%
 235  BPBM44363_Aphantophryne_sabini-Myola_GH            0.12%    passed     98.60%
 236  BPBM44369_Aphantophryne_sabini-Myola_GH            0.20%    passed     99.09%
 237  BPBM44373_Aphantophryne_sabini-Myola_GH            0.20%    passed     98.81%
 238  BJE1120_Oreophryne_A_senckenbergiana               1.29%    passed     43.70%
 239  BJE1143_Oreophryne_A_senckenbergiana               1.21%    passed     42.99%
 240  BJE1144_Oreophryne_A_senckenbergiana               1.21%    passed     42.49%
 241  BJE1248_Oreophryne_A_frontifasciata               21.82%    passed     75.31%
****  TOTAL                                              2.23%  2 sequences failed composition chi2 test (p-value<5%; df=3)
NOTE: No CharPartition defined, use all CharSets

Loading 15 partitions...
Subset	Type	Seqs	Sites	Infor	Invar	Model	Name
1		241	136	4	118	TEST	sia_pos1
2		241	136	0	128	TEST	sia_pos2
WARNING: No parsimony-informative sites in partition sia_pos2
3		241	135	72	45	TEST	sia_pos3
4		241	173	78	78	TEST	bdnf_pos1
5		241	172	16	154	TEST	bdnf_pos2
6		241	172	4	163	TEST	bdnf_pos3
7		241	185	16	144	TEST	nxc_pos1
8		241	185	10	164	TEST	nxc_pos2
9		241	185	96	52	TEST	nxc_pos3
10		238	170	86	72	TEST	cyb_pos1
11		238	170	59	99	TEST	cyb_pos2
12		238	170	170	0	TEST	cyb_pos3
13		233	162	110	39	TEST	nd4_pos1
14		233	162	68	73	TEST	nd4_pos2
15		233	162	162	0	TEST	nd4_pos3
Degree of missing data: 0.009
Info: multi-threading strategy over partitions



Create initial parsimony tree by phylogenetic likelihood library (PLL)... 0.091 seconds
Perform fast likelihood tree search using GTR+I+G model...
Estimate model parameters (epsilon = 5.000)
Initial log-likelihood: -98445.365
Current log-likelihood at step 1: -84958.278
Current log-likelihood at step 2: -83519.001
Current log-likelihood at step 3: -83469.719
Current log-likelihood at step 4: -83443.911
Current log-likelihood at step 5: -83396.132
Current log-likelihood at step 6: -83388.838
Current log-likelihood at step 7: -83386.805
Parameters optimization took 6 rounds (8.240 sec)


WARNING: Estimated model parameters are at boundary that can cause numerical instability!

Perform nearest neighbor interchange...
Estimate model parameters (epsilon = 1.000)
Initial log-likelihood: -83084.405
Current log-likelihood at step 1: -83079.553
Current log-likelihood at step 2: -83078.786
Partition-specific rates:  0.360 0.262 1.017 0.490 0.268 0.121 0.718 0.375 0.431 1.545 0.575 2.797 2.497 0.807 2.766
Parameters optimization took 1 rounds (1.568 sec)


WARNING: Estimated model parameters are at boundary that can cause numerical instability!

Time for fast ML tree search: 16.020 seconds

NOTE: ModelFinder requires 6 MB RAM!
Selecting individual models for 15 charsets using BIC...
 No. Model        Score       TreeLen     Charset
   1 TNe+I+G4     1056.766    0.663       sia_pos1
   2 JC+I+G4      610.867     1.792       sia_pos2
   3 TN+F+I+G4    6786.818    6.974       sia_pos3
   4 K2P+I+G4     5831.036    3.254       bdnf_pos1
   5 TVMe+I+G4    1598.758    0.675       bdnf_pos2
   6 TIMe+I+G4    810.202     0.619       bdnf_pos3
   7 TIM2e+I+G4   2083.152    1.059       nxc_pos1
   8 TIMe+I+G4    1664.823    1.937       nxc_pos2
   9 TN+F+G4      6673.834    2.943       nxc_pos3
  10 TIM2e+I+G4   13552.542   11.431      cyb_pos1	0h:0m:20s (0h:0m:10s left)
  11 GTR+F+I+G4   5558.781    3.878       cyb_pos2	0h:0m:22s (0h:0m:8s left)
  12 TIM2+F+ASC   49752.445   75.590      cyb_pos3	0h:0m:32s (0h:0m:8s left)
  13 TIM2+F+I+G4  17031.461   16.736      nd4_pos1	0h:0m:34s (0h:0m:5s left)
  14 GTR+F+I+G4   7003.693    5.414       nd4_pos2	0h:0m:37s (0h:0m:2s left)
  15 TN+F+ASC     46716.890   74.143      nd4_pos3	0h:0m:45s (0h:0m:0s left)
Full partition model BIC score: 170743.390 (LnL: -83105.636  df:580)
Partition information was printed to out/locicodon.best_scheme.nex
Partition information in Raxml format was printed to out/locicodon.best_scheme

All model information printed to out/locicodon.model.gz
CPU time for ModelFinder: 61.016 seconds (0h:1m:1s)
Wall-clock time for ModelFinder: 61.614 seconds (0h:1m:1s)
Generating 1000 samples for ultrafast bootstrap (seed: 503117)...

NOTE: 47 MB RAM (0 GB) is required!
Estimate model parameters (epsilon = 0.100)
Initial log-likelihood: -83106.747
Current log-likelihood at step 1: -83105.213
Current log-likelihood at step 2: -83105.057
Current log-likelihood at step 3: -83105.028
Partition-specific rates:  0.047 0.127 0.498 0.233 0.048 0.044 0.076 0.142 0.210 0.826 0.280 5.451 1.217 0.394 5.388
Parameters optimization took 2 rounds (1.186 sec)


WARNING: Estimated model parameters are at boundary that can cause numerical instability!

Computing ML distances based on estimated model parameters...
Computing ML distances took 0.006018 sec (of wall-clock time) 0.000000 sec(of CPU time)
WARNING: Some pairwise ML distances are too long (saturated)
Computing RapidNJ tree took 0.001358 sec (of wall-clock time) 0.000000 sec (of CPU time)
Log-likelihood of RapidNJ tree: -123115.350
--------------------------------------------------------------------
|             INITIALIZING CANDIDATE TREE SET                      |
--------------------------------------------------------------------
Generating 98 parsimony trees... 10.150 second
Computing log-likelihood of 98 initial trees ... 13.723 seconds
Current best score: -83105.028

Do NNI search on 20 best initial trees
Estimate model parameters (epsilon = 0.100)
Initial log-likelihood: -83105.028
Current log-likelihood at step 1: -83105.008
Parameters optimization took 0 rounds (0.335 sec)


WARNING: Estimated model parameters are at boundary that can cause numerical instability!

BETTER TREE FOUND at iteration 1: -83105.008
Estimate model parameters (epsilon = 0.100)
Initial log-likelihood: -82981.856
Current log-likelihood at step 1: -82979.734
Current log-likelihood at step 2: -82979.557
Current log-likelihood at step 3: -82979.495
Parameters optimization took 2 rounds (1.173 sec)


WARNING: Estimated model parameters are at boundary that can cause numerical instability!

BETTER TREE FOUND at iteration 2: -82979.495
Iteration 10 / LogL: -83030.596 / Time: 0h:0m:48s
Iteration 20 / LogL: -83033.356 / Time: 0h:1m:11s
Finish initializing candidate tree set (20)
Current best tree score: -82979.495 / CPU time: 68.188
Number of iterations: 20
--------------------------------------------------------------------
|               OPTIMIZING CANDIDATE TREE SET                      |
--------------------------------------------------------------------
Estimate model parameters (epsilon = 0.100)
Initial log-likelihood: -82977.308
Current log-likelihood at step 1: -82976.618
Current log-likelihood at step 2: -82976.558
Parameters optimization took 1 rounds (0.776 sec)


WARNING: Estimated model parameters are at boundary that can cause numerical instability!

BETTER TREE FOUND at iteration 25: -82976.558
Estimate model parameters (epsilon = 0.100)
Initial log-likelihood: -82976.319
Current log-likelihood at step 1: -82974.652
Current log-likelihood at step 2: -82974.551
Current log-likelihood at step 3: -82974.447
Current log-likelihood at step 4: -82974.387
Parameters optimization took 3 rounds (1.643 sec)


WARNING: Estimated model parameters are at boundary that can cause numerical instability!

BETTER TREE FOUND at iteration 26: -82974.387
Estimate model parameters (epsilon = 0.100)
Initial log-likelihood: -82966.822
Current log-likelihood at step 1: -82966.287
Current log-likelihood at step 2: -82966.222
Parameters optimization took 1 rounds (0.710 sec)


WARNING: Estimated model parameters are at boundary that can cause numerical instability!

BETTER TREE FOUND at iteration 28: -82966.222
Iteration 30 / LogL: -82974.826 / Time: 0h:1m:35s (0h:5m:24s left)
Estimate model parameters (epsilon = 0.100)
Initial log-likelihood: -82959.042
Current log-likelihood at step 1: -82958.235
Current log-likelihood at step 2: -82958.181
Parameters optimization took 1 rounds (0.712 sec)


WARNING: Estimated model parameters are at boundary that can cause numerical instability!

BETTER TREE FOUND at iteration 31: -82958.181
Estimate model parameters (epsilon = 0.100)
Initial log-likelihood: -82951.552
Current log-likelihood at step 1: -82949.627
Current log-likelihood at step 2: -82949.462
Current log-likelihood at step 3: -82949.411
Parameters optimization took 2 rounds (1.119 sec)


WARNING: Estimated model parameters are at boundary that can cause numerical instability!

BETTER TREE FOUND at iteration 32: -82949.411
Estimate model parameters (epsilon = 0.100)
Initial log-likelihood: -82948.328
Current log-likelihood at step 1: -82948.174
Current log-likelihood at step 2: -82948.132
Parameters optimization took 1 rounds (0.654 sec)


WARNING: Estimated model parameters are at boundary that can cause numerical instability!

BETTER TREE FOUND at iteration 36: -82948.132
Iteration 40 / LogL: -83009.617 / Time: 0h:1m:58s (0h:4m:50s left)
Estimate model parameters (epsilon = 0.100)
Initial log-likelihood: -82945.729
Current log-likelihood at step 1: -82945.682
Parameters optimization took 0 rounds (0.310 sec)


WARNING: Estimated model parameters are at boundary that can cause numerical instability!

BETTER TREE FOUND at iteration 47: -82945.682
Iteration 50 / LogL: -82959.894 / Time: 0h:2m:18s (0h:4m:33s left)
Log-likelihood cutoff on original alignment: -83057.280
Estimate model parameters (epsilon = 0.100)
Initial log-likelihood: -82945.166
Current log-likelihood at step 1: -82944.819
Current log-likelihood at step 2: -82944.776
Parameters optimization took 1 rounds (0.781 sec)


WARNING: Estimated model parameters are at boundary that can cause numerical instability!

BETTER TREE FOUND at iteration 52: -82944.776
Iteration 60 / LogL: -83042.598 / Time: 0h:2m:38s (0h:4m:7s left)
Iteration 70 / LogL: -82950.267 / Time: 0h:2m:57s (0h:3m:31s left)
Iteration 80 / LogL: -82952.555 / Time: 0h:3m:17s (0h:2m:59s left)
Iteration 90 / LogL: -82947.384 / Time: 0h:3m:37s (0h:2m:31s left)
Iteration 100 / LogL: -82946.785 / Time: 0h:3m:57s (0h:2m:4s left)
Log-likelihood cutoff on original alignment: -83057.280
NOTE: Bootstrap correlation coefficient of split occurrence frequencies: 0.997
Estimate model parameters (epsilon = 0.100)
Initial log-likelihood: -82944.259
Current log-likelihood at step 1: -82944.171
Parameters optimization took 0 rounds (0.354 sec)


WARNING: Estimated model parameters are at boundary that can cause numerical instability!

BETTER TREE FOUND at iteration 103: -82944.171
Iteration 110 / LogL: -82961.142 / Time: 0h:4m:19s (0h:3m:41s left)
Iteration 120 / LogL: -82958.489 / Time: 0h:4m:39s (0h:3m:14s left)
Iteration 130 / LogL: -82949.730 / Time: 0h:4m:59s (0h:2m:49s left)
Iteration 140 / LogL: -82949.147 / Time: 0h:5m:19s (0h:2m:24s left)
Iteration 150 / LogL: -82949.497 / Time: 0h:5m:39s (0h:2m:0s left)
Log-likelihood cutoff on original alignment: -83057.280
Iteration 160 / LogL: -82944.316 / Time: 0h:5m:59s (0h:1m:37s left)
Iteration 170 / LogL: -82948.969 / Time: 0h:6m:18s (0h:1m:13s left)
Iteration 180 / LogL: -82967.755 / Time: 0h:6m:38s (0h:0m:51s left)
Iteration 190 / LogL: -82950.202 / Time: 0h:6m:59s (0h:0m:28s left)
Estimate model parameters (epsilon = 0.100)
Initial log-likelihood: -82943.997
Current log-likelihood at step 1: -82943.884
Current log-likelihood at step 2: -82943.850
Parameters optimization took 1 rounds (0.627 sec)


WARNING: Estimated model parameters are at boundary that can cause numerical instability!

BETTER TREE FOUND at iteration 198: -82943.850
Iteration 200 / LogL: -82944.919 / Time: 0h:7m:19s (0h:3m:36s left)
Log-likelihood cutoff on original alignment: -83057.280
NOTE: Bootstrap correlation coefficient of split occurrence frequencies: 0.999
Iteration 210 / LogL: -82945.299 / Time: 0h:7m:40s (0h:3m:18s left)
Iteration 220 / LogL: -82945.597 / Time: 0h:8m:0s (0h:2m:55s left)
Iteration 230 / LogL: -82960.362 / Time: 0h:8m:19s (0h:2m:32s left)
Iteration 240 / LogL: -82952.675 / Time: 0h:8m:40s (0h:2m:10s left)
Iteration 250 / LogL: -82950.319 / Time: 0h:8m:58s (0h:1m:48s left)
Log-likelihood cutoff on original alignment: -83057.280
Iteration 260 / LogL: -82946.543 / Time: 0h:9m:18s (0h:1m:26s left)
Iteration 270 / LogL: -82973.728 / Time: 0h:9m:38s (0h:1m:4s left)
Iteration 280 / LogL: -82961.620 / Time: 0h:9m:58s (0h:0m:42s left)
Iteration 290 / LogL: -82949.990 / Time: 0h:10m:18s (0h:0m:21s left)
TREE SEARCH COMPLETED AFTER 299 ITERATIONS / Time: 0h:10m:36s

--------------------------------------------------------------------
|                    FINALIZING TREE SEARCH                        |
--------------------------------------------------------------------
Performs final model parameters optimization
Estimate model parameters (epsilon = 0.010)
Initial log-likelihood: -82943.850
Current log-likelihood at step 1: -82943.815
Current log-likelihood at step 2: -82943.785
Current log-likelihood at step 3: -82943.756
Current log-likelihood at step 4: -82943.728
Current log-likelihood at step 5: -82943.702
Current log-likelihood at step 6: -82943.676
Current log-likelihood at step 7: -82943.653
Current log-likelihood at step 8: -82943.629
Current log-likelihood at step 9: -82943.607
Current log-likelihood at step 10: -82943.586
Current log-likelihood at step 11: -82943.565
Current log-likelihood at step 12: -82943.546
Current log-likelihood at step 13: -82943.526
Current log-likelihood at step 14: -82943.506
Current log-likelihood at step 15: -82943.487
Current log-likelihood at step 16: -82943.468
Current log-likelihood at step 17: -82943.449
Current log-likelihood at step 18: -82943.431
Current log-likelihood at step 19: -82943.412
Current log-likelihood at step 20: -82943.394
Current log-likelihood at step 21: -82943.376
Current log-likelihood at step 22: -82943.359
Current log-likelihood at step 23: -82943.341
Current log-likelihood at step 24: -82943.324
Current log-likelihood at step 25: -82943.307
Current log-likelihood at step 26: -82943.290
Current log-likelihood at step 27: -82943.272
Current log-likelihood at step 28: -82943.256
Current log-likelihood at step 29: -82943.240
Current log-likelihood at step 30: -82943.223
Current log-likelihood at step 31: -82943.208
Current log-likelihood at step 32: -82943.192
Current log-likelihood at step 33: -82943.176
Current log-likelihood at step 34: -82943.161
Current log-likelihood at step 35: -82943.146
Current log-likelihood at step 36: -82943.130
Current log-likelihood at step 37: -82943.116
Current log-likelihood at step 38: -82943.100
Current log-likelihood at step 39: -82943.085
Current log-likelihood at step 40: -82943.069
Current log-likelihood at step 41: -82943.053
Current log-likelihood at step 42: -82943.038
Current log-likelihood at step 43: -82943.023
Current log-likelihood at step 44: -82943.009
Current log-likelihood at step 45: -82942.993
Current log-likelihood at step 46: -82942.979
Current log-likelihood at step 47: -82942.965
Current log-likelihood at step 48: -82942.950
Current log-likelihood at step 49: -82942.936
Current log-likelihood at step 50: -82942.922
Current log-likelihood at step 51: -82942.907
Current log-likelihood at step 52: -82942.893
Current log-likelihood at step 53: -82942.878
Current log-likelihood at step 54: -82942.865
Current log-likelihood at step 55: -82942.851
Current log-likelihood at step 56: -82942.836
Current log-likelihood at step 57: -82942.823
Current log-likelihood at step 58: -82942.809
Current log-likelihood at step 59: -82942.796
Current log-likelihood at step 60: -82942.782
Current log-likelihood at step 61: -82942.767
Current log-likelihood at step 62: -82942.754
Current log-likelihood at step 63: -82942.740
Current log-likelihood at step 64: -82942.727
Current log-likelihood at step 65: -82942.714
Current log-likelihood at step 66: -82942.700
Current log-likelihood at step 67: -82942.686
Current log-likelihood at step 68: -82942.673
Current log-likelihood at step 69: -82942.661
Current log-likelihood at step 70: -82942.646
Current log-likelihood at step 71: -82942.633
Current log-likelihood at step 72: -82942.620
Current log-likelihood at step 73: -82942.608
Current log-likelihood at step 74: -82942.595
Current log-likelihood at step 75: -82942.581
Current log-likelihood at step 76: -82942.568
Current log-likelihood at step 77: -82942.556
Current log-likelihood at step 78: -82942.543
Current log-likelihood at step 79: -82942.529
Current log-likelihood at step 80: -82942.517
Current log-likelihood at step 81: -82942.504
Current log-likelihood at step 82: -82942.491
Current log-likelihood at step 83: -82942.478
Current log-likelihood at step 84: -82942.466
Current log-likelihood at step 85: -82942.453
Current log-likelihood at step 86: -82942.441
Current log-likelihood at step 87: -82942.428
Current log-likelihood at step 88: -82942.415
Current log-likelihood at step 89: -82942.403
Current log-likelihood at step 90: -82942.391
Current log-likelihood at step 91: -82942.379
Current log-likelihood at step 92: -82942.367
Current log-likelihood at step 93: -82942.354
Current log-likelihood at step 94: -82942.342
Current log-likelihood at step 95: -82942.330
Current log-likelihood at step 96: -82942.318
Current log-likelihood at step 97: -82942.306
Current log-likelihood at step 98: -82942.294
Current log-likelihood at step 99: -82942.282
Partition-specific rates:  0.045 0.107 0.501 0.230 0.045 0.036 0.070 0.144 0.199 0.785 0.273 5.484 1.207 0.393 5.463
Parameters optimization took 99 rounds (37.192 sec)


WARNING: Estimated model parameters are at boundary that can cause numerical instability!

Partition information was printed to out/locicodon.best_model.nex
BEST SCORE FOUND : -82942.282
Creating bootstrap support values...
Split supports printed to NEXUS file out/locicodon.splits.nex
Total tree length: 13.954

Total number of iterations: 299
CPU time used for tree search: 632.938 sec (0h:10m:32s)
Wall-clock time used for tree search: 633.524 sec (0h:10m:33s)
Total CPU time used: 674.312 sec (0h:11m:14s)
Total wall-clock time used: 674.757 sec (0h:11m:14s)

Computing bootstrap consensus tree...
Reading input file out/locicodon.splits.nex...
241 taxa and 991 splits.
Consensus tree written to out/locicodon.contree
Reading input trees file out/locicodon.contree
Log-likelihood of consensus tree: -82943.325

Analysis results written to: 
  IQ-TREE report:                out/locicodon.iqtree
  Maximum-likelihood tree:       out/locicodon.treefile
  Likelihood distances:          out/locicodon.mldist
  Best partitioning scheme:      out/locicodon.best_scheme.nex
           in RAxML format:      out/locicodon.best_scheme

Ultrafast bootstrap approximation results written to:
  Split support values:          out/locicodon.splits.nex
  Consensus tree:                out/locicodon.contree
  Screen log file:               out/locicodon.log

Date and Time: Sat Apr 01 00:19:42 2023
