
                        BEAST v2.7.4, 2002-2023
             Bayesian Evolutionary Analysis Sampling Trees
                       Designed and developed by
 Remco Bouckaert, Alexei J. Drummond, Andrew Rambaut & Marc A. Suchard
                                    
                   Centre for Computational Evolution
                         University of Auckland
                       r.bouckaert@auckland.ac.nz
                        alexei@cs.auckland.ac.nz
                                    
                   Institute of Evolutionary Biology
                        University of Edinburgh
                           a.rambaut@ed.ac.uk
                                    
                    David Geffen School of Medicine
                 University of California, Los Angeles
                           msuchard@ucla.edu
                                    
                      Downloads, Help & Resources:
                           http://beast2.org/
                                    
  Source code distributed under the GNU Lesser General Public License:
                   http://github.com/CompEvol/beast2
                                    
                           BEAST developers:
   Alex Alekseyenko, Trevor Bedford, Erik Bloomquist, Joseph Heled, 
 Sebastian Hoehna, Denise Kuehnert, Philippe Lemey, Wai Lok Sibon Li, 
Gerton Lunter, Sidney Markowitz, Vladimir Minin, Michael Defoin Platel, 
          Oliver Pybus, Tim Vaughan, Chieh-Hsi Wu, Walter Xie
                                    
                               Thanks to:
          Roald Forsberg, Beth Shapiro and Korbinian Strimmer

Random number seed: 1682063710292

Alignment(asterophryinae_20230305)
  241 taxa
  2475 sites
  1396 patterns

Filter 1-407\3
241 taxa
136 sites
50 patterns
Filter 409-924\3
241 taxa
172 sites
59 patterns
Starting frequencies: [0.25, 0.25, 0.25, 0.25]
  UCRelaxedClockModel: using real rates for rate distribution across branches.
  Using BEAGLE version: 3.0.2 resource 0: CPU
    with instance flags:  PRECISION_DOUBLE COMPUTATION_SYNCH EIGEN_REAL SCALING_MANUAL SCALERS_RAW VECTOR_NONE THREADING_CPP PROCESSOR_CPU FRAMEWORK_CPU
Filter 2-407\3
241 taxa
136 sites
49 patterns
Starting frequencies: [0.25, 0.25, 0.25, 0.25]
  Using BEAGLE version: 3.0.2 resource 0: CPU
    with instance flags:  PRECISION_DOUBLE COMPUTATION_SYNCH EIGEN_REAL SCALING_MANUAL SCALERS_RAW VECTOR_NONE THREADING_CPP PROCESSOR_CPU FRAMEWORK_CPU
Filter 3-407\3
241 taxa
135 sites
115 patterns
Starting frequencies: [0.1414717805204683, 0.368494287829359, 0.28804799561936834, 0.2019859360308044]
  Using BEAGLE version: 3.0.2 resource 0: CPU
    with instance flags:  PRECISION_DOUBLE COMPUTATION_SYNCH EIGEN_REAL SCALING_MANUAL SCALERS_RAW VECTOR_NONE THREADING_CPP PROCESSOR_CPU FRAMEWORK_CPU
Filter 408-924\3
241 taxa
173 sites
125 patterns
Starting frequencies: [0.25, 0.25, 0.25, 0.25]
  Using BEAGLE version: 3.0.2 resource 0: CPU
    with instance flags:  PRECISION_DOUBLE COMPUTATION_SYNCH EIGEN_REAL SCALING_MANUAL SCALERS_RAW VECTOR_NONE THREADING_CPP PROCESSOR_CPU FRAMEWORK_CPU
Starting frequencies: [0.25, 0.25, 0.25, 0.25]
  Using BEAGLE version: 3.0.2 resource 0: CPU
    with instance flags:  PRECISION_DOUBLE COMPUTATION_SYNCH EIGEN_REAL SCALING_MANUAL SCALERS_RAW VECTOR_NONE THREADING_CPP PROCESSOR_CPU FRAMEWORK_CPU
Filter 410-924\3
241 taxa
172 sites
48 patterns
Starting frequencies: [0.25, 0.25, 0.25, 0.25]
  Using BEAGLE version: 3.0.2 resource 0: CPU
    with instance flags:  PRECISION_DOUBLE COMPUTATION_SYNCH EIGEN_REAL SCALING_MANUAL SCALERS_RAW VECTOR_NONE THREADING_CPP PROCESSOR_CPU FRAMEWORK_CPU
Filter 925-1479\3
241 taxa
185 sites
69 patterns
Starting frequencies: [0.25, 0.25, 0.25, 0.25]
  Using BEAGLE version: 3.0.2 resource 0: CPU
    with instance flags:  PRECISION_DOUBLE COMPUTATION_SYNCH EIGEN_REAL SCALING_MANUAL SCALERS_RAW VECTOR_NONE THREADING_CPP PROCESSOR_CPU FRAMEWORK_CPU
Filter 926-1479\3
241 taxa
185 sites
60 patterns
Starting frequencies: [0.33872102172013824, 0.16233101162232075, 0.17007595988694016, 0.32887200677060097]
  Using BEAGLE version: 3.0.2 resource 0: CPU
    with instance flags:  PRECISION_DOUBLE COMPUTATION_SYNCH EIGEN_REAL SCALING_MANUAL SCALERS_RAW VECTOR_NONE THREADING_CPP PROCESSOR_CPU FRAMEWORK_CPU
Filter 927-1479\3
241 taxa
185 sites
151 patterns
Starting frequencies: [0.29474117792313914, 0.20193558296997663, 0.22417724874045175, 0.2791459903664325]
  Using BEAGLE version: 3.0.2 resource 0: CPU
    with instance flags:  PRECISION_DOUBLE COMPUTATION_SYNCH EIGEN_REAL SCALING_MANUAL SCALERS_RAW VECTOR_NONE THREADING_CPP PROCESSOR_CPU FRAMEWORK_CPU
Filter 1480-1989\3
241 taxa
170 sites
114 patterns
Starting frequencies: [0.25, 0.25, 0.25, 0.25]
  Using BEAGLE version: 3.0.2 resource 0: CPU
    with instance flags:  PRECISION_DOUBLE COMPUTATION_SYNCH EIGEN_REAL SCALING_MANUAL SCALERS_RAW VECTOR_NONE THREADING_CPP PROCESSOR_CPU FRAMEWORK_CPU
Filter 1481-1989\3
241 taxa
170 sites
94 patterns
Starting frequencies: [0.19983213375741993, 0.25797220651418373, 0.14653396540384794, 0.39566169432454834]
  Using BEAGLE version: 3.0.2 resource 0: CPU
    with instance flags:  PRECISION_DOUBLE COMPUTATION_SYNCH EIGEN_REAL SCALING_MANUAL SCALERS_RAW VECTOR_NONE THREADING_CPP PROCESSOR_CPU FRAMEWORK_CPU
Filter 1482-1989\3
241 taxa
170 sites
170 patterns
Starting frequencies: [0.3053923356887628, 0.38188740172248675, 0.045598643061717736, 0.26712161952703267]
  Using BEAGLE version: 3.0.2 resource 0: CPU
    with instance flags:  PRECISION_DOUBLE COMPUTATION_SYNCH EIGEN_REAL SCALING_MANUAL SCALERS_RAW VECTOR_NONE THREADING_CPP PROCESSOR_CPU FRAMEWORK_CPU
Filter 1990-2475\3
241 taxa
162 sites
135 patterns
Starting frequencies: [0.25, 0.25, 0.25, 0.25]
  Using BEAGLE version: 3.0.2 resource 0: CPU
    with instance flags:  PRECISION_DOUBLE COMPUTATION_SYNCH EIGEN_REAL SCALING_MANUAL SCALERS_RAW VECTOR_NONE THREADING_CPP PROCESSOR_CPU FRAMEWORK_CPU
Filter 1991-2475\3
241 taxa
162 sites
105 patterns
Starting frequencies: [0.12608348844498138, 0.302957396179977, 0.13359393681551832, 0.43736517855952334]
  Using BEAGLE version: 3.0.2 resource 0: CPU
    with instance flags:  PRECISION_DOUBLE COMPUTATION_SYNCH EIGEN_REAL SCALING_MANUAL SCALERS_RAW VECTOR_NONE THREADING_CPP PROCESSOR_CPU FRAMEWORK_CPU
Filter 1992-2475\3
241 taxa
162 sites
162 patterns
Starting frequencies: [0.34332127516505456, 0.32336917630331224, 0.05197559021197355, 0.2813339583196596]
  Using BEAGLE version: 3.0.2 resource 0: CPU
    with instance flags:  PRECISION_DOUBLE COMPUTATION_SYNCH EIGEN_REAL SCALING_MANUAL SCALERS_RAW VECTOR_NONE THREADING_CPP PROCESSOR_CPU FRAMEWORK_CPU
===============================================================================
Citations for this model:

Bouckaert, Remco, Timothy G. Vaughan, Joëlle Barido-Sottani, Sebastián Duchêne, Mathieu Fourment, 
Alexandra Gavryushkina, Joseph Heled, Graham Jones, Denise Kühnert, Nicola De Maio, Michael Matschiner, 
Fábio K. Mendes, Nicola F. Müller, Huw A. Ogilvie, Louis du Plessis, Alex Popinga, Andrew Rambaut, 
David Rasmussen, Igor Siveroni, Marc A. Suchard, Chieh-Hsi Wu, Dong Xie, Chi Zhang, Tanja Stadler, 
Alexei J. Drummond 
  BEAST 2.5: An advanced software platform for Bayesian evolutionary analysis. 
  PLoS computational biology 15, no. 4 (2019): e1006650.

Gernhard 2008. The conditioned reconstructed process. Journal of Theoretical Biology Volume 253, Issue 4, 21 August 2008, Pages 769-778

Tamura, K., & Nei, M. (1993). Estimation of the number of nucleotide substitutions in the control region of mitochondrial DNA in humans and chimpanzees. Molecular Biology and Evolution, 10(3), 512-526.

Drummond AJ, Ho SYW, Phillips MJ, Rambaut A (2006) Relaxed Phylogenetics and
  Dating with Confidence. PLoS Biol 4(5): e88

Douglas J, Zhang R, Bouckaert R. Adaptive dating and fast proposals: Revisiting the phylogenetic relaxed clock model. PLoS computational biology. 2021 Feb 2;17(2):e1008322.

Zhang, R., Drummond, A. (2020) Improving the performance of Bayesian phylogenetic inference
  under relaxed clock models. BMC Evol Biol 20, 54

Bouckaert RR. An efficient coalescent epoch model for Bayesian phylogenetic inference. Systematic Biology, syac015, 2022

===============================================================================
Start likelihood: -267980.43071438454 
Writing file 04052023_beauti.log
Writing file 04052023_beauti-sia_pos1.trees
         Sample      posterior     likelihood          prior
              0   -267980.4307   -252309.7422    -15670.6884 --
          10000   -136524.6708   -135013.4918     -1511.1789 --
          20000   -125102.8890   -124114.9841      -987.9049 --
          30000   -120959.2156   -120088.5242      -870.6914 --
          40000   -117189.6976   -116519.3410      -670.3565 --
          50000   -112731.2894   -112030.2699      -701.0195 --
          60000   -109551.2035   -108810.4991      -740.7043 1h19m39s/Msamples
          70000   -106648.3185   -105842.4678      -805.8507 1h19m14s/Msamples
          80000   -102659.8102   -101859.3007      -800.5094 1h14m46s/Msamples
          90000    -99568.0520    -98819.9693      -748.0827 1h13m26s/Msamples
         100000    -96813.5510    -96001.7123      -811.8387 1h14m24s/Msamples
         110000    -93930.4975    -93084.6473      -845.8501 1h14m41s/Msamples
         120000    -91892.5884    -90989.8642      -902.7242 1h14m27s/Msamples
         130000    -90338.5593    -89430.6625      -907.8967 1h14m28s/Msamples
         140000    -89026.2286    -88138.5744      -887.6542 1h14m37s/Msamples
         150000    -88204.7103    -87337.3324      -867.3779 1h14m45s/Msamples
         160000    -87848.8623    -86932.5206      -916.3416 1h14m38s/Msamples
         170000    -87533.3091    -86585.9073      -947.4018 1h14m40s/Msamples
         180000    -87227.6376    -86289.1271      -938.5105 1h14m44s/Msamples
         190000    -87057.4645    -86170.9750      -886.4895 1h14m25s/Msamples
         200000    -86944.5826    -86041.0231      -903.5594 1h14m28s/Msamples
         210000    -86851.2859    -85923.3268      -927.9591 1h14m23s/Msamples
         220000    -86752.1275    -85795.3427      -956.7848 1h14m19s/Msamples
         230000    -86588.4373    -85685.3305      -903.1068 1h14m11s/Msamples
         240000    -86640.2233    -85654.2149      -986.0084 1h14m15s/Msamples
         250000    -86402.3865    -85451.7314      -950.6551 1h14m14s/Msamples
         260000    -86369.7216    -85433.1190      -936.6026 1h14m17s/Msamples
         270000    -86316.9146    -85342.7469      -974.1677 1h14m12s/Msamples
         280000    -86219.0805    -85285.0321      -934.0484 1h14m9s/Msamples
         290000    -86107.2953    -85182.0944      -925.2008 1h14m9s/Msamples
         300000    -86110.0735    -85138.7920      -971.2814 1h14m10s/Msamples
         310000    -85957.3282    -85021.2312      -936.0970 1h14m19s/Msamples
         320000    -85787.6066    -84858.1060      -929.5006 1h14m15s/Msamples
         330000    -85674.9796    -84721.8735      -953.1060 1h14m12s/Msamples
         340000    -85655.2677    -84708.8261      -946.4415 1h14m10s/Msamples
         350000    -85631.1975    -84703.2964      -927.9010 1h14m5s/Msamples
         360000    -85592.6404    -84688.4695      -904.1709 1h14m1s/Msamples
         370000    -85562.7604    -84642.6940      -920.0664 1h14m0s/Msamples
         380000    -85592.0297    -84651.7456      -940.2841 1h13m56s/Msamples
         390000    -85567.2038    -84614.6796      -952.5241 1h13m50s/Msamples
         400000    -85524.4429    -84621.8716      -902.5713 1h13m48s/Msamples
         410000    -85492.5390    -84604.7590      -887.7800 1h13m44s/Msamples
         420000    -85572.7911    -84624.3352      -948.4558 1h13m41s/Msamples
         430000    -85565.8808    -84619.0477      -946.8331 1h13m38s/Msamples
         440000    -85607.2109    -84616.5686      -990.6423 1h13m40s/Msamples
         450000    -85570.1658    -84624.2496      -945.9161 1h13m40s/Msamples
         460000    -85556.9094    -84614.5712      -942.3381 1h13m37s/Msamples
         470000    -85521.9103    -84614.2113      -907.6989 1h13m34s/Msamples
         480000    -85546.6767    -84594.2463      -952.4304 1h13m34s/Msamples
         490000    -85485.2389    -84566.4421      -918.7968 1h13m29s/Msamples
         500000    -85504.0253    -84574.4562      -929.5691 1h13m30s/Msamples
         510000    -85471.7233    -84539.1096      -932.6136 1h13m30s/Msamples
         520000    -85499.8035    -84541.0379      -958.7655 1h13m28s/Msamples
         530000    -85500.1758    -84523.9974      -976.1784 1h13m31s/Msamples
         540000    -85465.8782    -84541.9126      -923.9655 1h13m32s/Msamples
         550000    -85426.3516    -84478.6840      -947.6675 1h13m31s/Msamples
         560000    -85360.2981    -84388.1429      -972.1551 1h13m29s/Msamples
         570000    -85318.4064    -84349.1146      -969.2918 1h13m32s/Msamples
         580000    -85341.4460    -84378.5134      -962.9325 1h13m32s/Msamples
         590000    -85362.7376    -84367.9155      -994.8221 1h13m30s/Msamples
         600000    -85353.3254    -84355.7766      -997.5488 1h13m32s/Msamples
         610000    -85329.0612    -84340.3184      -988.7427 1h13m31s/Msamples
         620000    -85248.9150    -84260.8577      -988.0573 1h13m29s/Msamples
         630000    -85151.8769    -84227.8746      -924.0023 1h13m27s/Msamples
         640000    -85116.6998    -84214.4715      -902.2283 1h13m25s/Msamples
         650000    -85042.7224    -84116.1370      -926.5854 1h13m27s/Msamples
         660000    -85003.1870    -84058.6632      -944.5237 1h13m28s/Msamples
         670000    -85008.5144    -84037.7177      -970.7966 1h13m28s/Msamples
         680000    -85004.8982    -84041.2477      -963.6504 1h13m23s/Msamples
         690000    -85000.3139    -84063.7147      -936.5992 1h13m22s/Msamples
         700000    -84996.3584    -84058.6071      -937.7513 1h13m21s/Msamples
         710000    -84940.7032    -84036.7331      -903.9701 1h13m22s/Msamples
         720000    -84908.8425    -84030.1585      -878.6839 1h13m20s/Msamples
         730000    -84954.2359    -84042.7655      -911.4704 1h13m20s/Msamples
         740000    -84939.5600    -84062.5366      -877.0234 1h13m21s/Msamples
         750000    -84950.6636    -84046.4997      -904.1638 1h13m18s/Msamples
         760000    -84947.8469    -84057.7406      -890.1063 1h13m18s/Msamples
         770000    -84947.4622    -84047.4662      -899.9959 1h13m19s/Msamples
         780000    -84946.2150    -84029.1167      -917.0983 1h13m18s/Msamples
         790000    -84942.6037    -84021.0642      -921.5395 1h13m16s/Msamples
         800000    -84982.5719    -84065.9932      -916.5787 1h13m17s/Msamples
         810000    -84990.4828    -84042.1830      -948.2997 1h13m16s/Msamples
         820000    -85016.7398    -84071.8829      -944.8568 1h13m15s/Msamples
         830000    -84984.4575    -84068.6590      -915.7985 1h13m14s/Msamples
         840000    -84977.6062    -84075.2478      -902.3584 1h13m15s/Msamples
         850000    -84983.6177    -84049.4973      -934.1204 1h13m15s/Msamples
         860000    -85012.6025    -84090.0152      -922.5873 1h13m14s/Msamples
         870000    -84999.3992    -84054.9865      -944.4127 1h13m14s/Msamples
         880000    -85017.6937    -84065.3815      -952.3122 1h13m15s/Msamples
         890000    -84953.8305    -84039.7050      -914.1255 1h13m14s/Msamples
         900000    -84838.2759    -83908.2213      -930.0546 1h13m14s/Msamples
         910000    -84820.1562    -83894.4696      -925.6865 1h13m13s/Msamples
         920000    -84831.2066    -83913.8692      -917.3374 1h13m14s/Msamples
         930000    -84835.2289    -83901.6929      -933.5359 1h13m13s/Msamples
         940000    -84887.8305    -83907.9117      -979.9188 1h13m13s/Msamples
         950000    -84870.9736    -83924.2330      -946.7406 1h13m13s/Msamples
         960000    -84865.5199    -83914.6288      -950.8910 1h13m12s/Msamples
         970000    -84870.4376    -83910.2971      -960.1404 1h13m12s/Msamples
         980000    -84895.9384    -83904.5455      -991.3928 1h13m12s/Msamples
         990000    -84833.9254    -83886.4608      -947.4645 1h13m11s/Msamples
        1000000    -84822.9456    -83884.9553      -937.9902 1h13m10s/Msamples
        1010000    -84820.4637    -83879.4101      -941.0536 1h13m9s/Msamples
        1020000    -84858.1949    -83893.0389      -965.1560 1h13m10s/Msamples
        1030000    -84851.4703    -83878.6056      -972.8647 1h13m9s/Msamples
        1040000    -84860.7706    -83912.6093      -948.1612 1h13m8s/Msamples
        1050000    -84855.9474    -83884.8695      -971.0778 1h13m7s/Msamples
        1060000    -84840.6622    -83860.5074      -980.1548 1h13m6s/Msamples
        1070000    -84829.5376    -83841.3135      -988.2241 1h13m5s/Msamples
        1080000    -84781.8703    -83860.8152      -921.0551 1h13m5s/Msamples
        1090000    -84780.3871    -83857.8092      -922.5778 1h13m7s/Msamples
        1100000    -84790.9531    -83886.3904      -904.5626 1h13m8s/Msamples
        1110000    -84821.2385    -83883.5543      -937.6842 1h13m8s/Msamples
        1120000    -84785.5088    -83850.1201      -935.3886 1h13m8s/Msamples
        1130000    -84793.6310    -83857.8347      -935.7962 1h13m8s/Msamples
        1140000    -84782.9956    -83837.5122      -945.4834 1h13m6s/Msamples
        1150000    -84768.5435    -83844.7173      -923.8262 1h13m5s/Msamples
        1160000    -84764.0317    -83826.9644      -937.0673 1h13m4s/Msamples
        1170000    -84781.4379    -83840.9062      -940.5317 1h13m4s/Msamples
        1180000    -84777.9969    -83819.0956      -958.9012 1h13m3s/Msamples
        1190000    -84813.0509    -83836.3691      -976.6818 1h13m3s/Msamples
        1200000    -84849.9100    -83857.8264      -992.0836 1h13m2s/Msamples
        1210000    -84820.2784    -83838.4787      -981.7997 1h13m1s/Msamples
        1220000    -84814.3120    -83814.9450      -999.3670 1h12m59s/Msamples
        1230000    -84793.5319    -83810.1314      -983.4005 1h12m59s/Msamples
        1240000    -84822.7571    -83860.0277      -962.7293 1h12m59s/Msamples
        1250000    -84844.4401    -83853.8576      -990.5824 1h12m58s/Msamples
        1260000    -84790.6089    -83848.5067      -942.1022 1h12m57s/Msamples
        1270000    -84820.0029    -83845.6055      -974.3974 1h12m58s/Msamples
        1280000    -84749.1270    -83826.7712      -922.3558 1h12m56s/Msamples
        1290000    -84750.3977    -83842.3273      -908.0703 1h12m56s/Msamples
        1300000    -84772.0304    -83826.4239      -945.6065 1h12m56s/Msamples
        1310000    -84807.0266    -83857.6452      -949.3814 1h12m56s/Msamples
        1320000    -84769.3023    -83850.9021      -918.4002 1h12m56s/Msamples
        1330000    -84792.9132    -83846.1835      -946.7296 1h12m54s/Msamples
        1340000    -84762.1381    -83836.2894      -925.8486 1h12m54s/Msamples
        1350000    -84802.6784    -83868.5415      -934.1368 1h12m53s/Msamples
        1360000    -84786.6882    -83840.6864      -946.0018 1h12m52s/Msamples
        1370000    -84824.8132    -83853.5567      -971.2564 1h12m53s/Msamples
        1380000    -84776.6822    -83803.1726      -973.5096 1h12m52s/Msamples
        1390000    -84781.3703    -83827.6811      -953.6891 1h12m51s/Msamples
        1400000    -84787.8700    -83822.0428      -965.8271 1h12m51s/Msamples
        1410000    -84782.9774    -83824.7319      -958.2454 1h12m52s/Msamples
        1420000    -84777.0960    -83825.5987      -951.4973 1h12m52s/Msamples
        1430000    -84763.0261    -83817.4563      -945.5698 1h12m51s/Msamples
        1440000    -84769.4586    -83806.0798      -963.3788 1h12m50s/Msamples
        1450000    -84791.9501    -83847.5955      -944.3545 1h12m50s/Msamples
        1460000    -84754.7738    -83840.3565      -914.4173 1h12m50s/Msamples
        1470000    -84775.1433    -83838.3906      -936.7526 1h12m49s/Msamples
        1480000    -84752.5489    -83860.9335      -891.6153 1h12m49s/Msamples
        1490000    -84838.7994    -83861.5090      -977.2904 1h12m48s/Msamples
        1500000    -84786.4498    -83852.6114      -933.8384 1h12m48s/Msamples
        1510000    -84761.1128    -83838.0701      -923.0427 1h12m46s/Msamples
        1520000    -84750.6214    -83830.1270      -920.4944 1h12m45s/Msamples
        1530000    -84794.1525    -83862.3223      -931.8302 1h12m45s/Msamples
        1540000    -84762.1242    -83838.6429      -923.4812 1h12m45s/Msamples
        1550000    -84803.4582    -83852.7747      -950.6835 1h12m44s/Msamples
        1560000    -84798.3806    -83840.8831      -957.4975 1h12m44s/Msamples
        1570000    -84773.6822    -83842.3354      -931.3468 1h12m44s/Msamples
        1580000    -84751.5827    -83818.0309      -933.5518 1h12m44s/Msamples
        1590000    -84766.9018    -83828.6913      -938.2105 1h12m43s/Msamples
        1600000    -84766.2335    -83851.5674      -914.6661 1h12m42s/Msamples
        1610000    -84732.1297    -83811.1695      -920.9601 1h12m42s/Msamples
        1620000    -84714.7635    -83804.1459      -910.6175 1h12m42s/Msamples
        1630000    -84723.0393    -83824.3538      -898.6854 1h12m42s/Msamples
        1640000    -84738.8984    -83839.0386      -899.8598 1h12m41s/Msamples
        1650000    -84739.1109    -83842.0643      -897.0466 1h12m41s/Msamples
        1660000    -84723.3166    -83834.8371      -888.4794 1h12m41s/Msamples
        1670000    -84706.3107    -83838.8063      -867.5043 1h12m40s/Msamples
        1680000    -84718.7386    -83838.5632      -880.1754 1h12m39s/Msamples
        1690000    -84662.8552    -83776.4200      -886.4352 1h12m38s/Msamples
        1700000    -84697.5945    -83808.9031      -888.6914 1h12m37s/Msamples
        1710000    -84726.8560    -83803.6596      -923.1963 1h12m37s/Msamples
        1720000    -84736.6327    -83817.7895      -918.8431 1h12m37s/Msamples
        1730000    -84686.5909    -83818.7526      -867.8382 1h12m36s/Msamples
        1740000    -84683.0915    -83793.7082      -889.3833 1h12m35s/Msamples
        1750000    -84740.3182    -83845.6581      -894.6601 1h12m35s/Msamples
        1760000    -84764.7927    -83846.1685      -918.6241 1h12m34s/Msamples
        1770000    -84730.1206    -83840.9163      -889.2042 1h12m33s/Msamples
        1780000    -84694.7679    -83827.7388      -867.0291 1h12m33s/Msamples
        1790000    -84671.2733    -83802.5584      -868.7149 1h12m33s/Msamples
        1800000    -84717.7611    -83846.2490      -871.5120 1h12m33s/Msamples
        1810000    -84709.4100    -83825.9995      -883.4104 1h12m33s/Msamples
        1820000    -84714.4515    -83824.3493      -890.1021 1h12m34s/Msamples
        1830000    -84697.7926    -83834.7952      -862.9973 1h12m34s/Msamples
        1840000    -84728.0171    -83851.3593      -876.6578 1h12m34s/Msamples
        1850000    -84738.8105    -83862.8664      -875.9440 1h12m33s/Msamples
        1860000    -84700.0391    -83834.3677      -865.6714 1h12m33s/Msamples
        1870000    -84686.5275    -83835.4191      -851.1083 1h12m33s/Msamples
        1880000    -84709.5606    -83850.6325      -858.9281 1h12m32s/Msamples
        1890000    -84743.2728    -83858.0149      -885.2578 1h12m30s/Msamples
        1900000    -84770.4333    -83861.7646      -908.6686 1h12m30s/Msamples
        1910000    -84746.2500    -83848.8515      -897.3984 1h12m30s/Msamples
        1920000    -84727.6920    -83824.6731      -903.0189 1h12m29s/Msamples
        1930000    -84766.9095    -83838.0888      -928.8206 1h12m29s/Msamples
        1940000    -84768.3045    -83864.4751      -903.8293 1h12m29s/Msamples
        1950000    -84774.4790    -83826.4360      -948.0429 1h12m28s/Msamples
        1960000    -84781.5336    -83855.2354      -926.2982 1h12m27s/Msamples
        1970000    -84804.0934    -83840.3581      -963.7353 1h12m28s/Msamples
        1980000    -84760.3099    -83837.7807      -922.5292 1h12m28s/Msamples
        1990000    -84715.7962    -83809.9524      -905.8437 1h12m28s/Msamples
        2000000    -84758.5253    -83854.6599      -903.8653 1h12m28s/Msamples
        2010000    -84797.5520    -83869.8732      -927.6788 1h12m28s/Msamples
        2020000    -84798.8328    -83845.2850      -953.5477 1h12m28s/Msamples
        2030000    -84768.8004    -83833.3777      -935.4227 1h12m27s/Msamples
        2040000    -84800.9618    -83828.5277      -972.4340 1h12m28s/Msamples
        2050000    -84802.4602    -83840.4299      -962.0302 1h12m27s/Msamples
        2060000    -84823.5837    -83861.1710      -962.4127 1h12m27s/Msamples
        2070000    -84814.2531    -83829.3375      -984.9155 1h12m27s/Msamples
        2080000    -84852.5336    -83856.5032      -996.0304 1h12m27s/Msamples
        2090000    -84846.0567    -83864.2241      -981.8326 1h12m27s/Msamples
        2100000    -84875.3027    -83878.2209      -997.0818 1h12m27s/Msamples
        2110000    -84792.2749    -83834.1984      -958.0765 1h12m27s/Msamples
        2120000    -84867.6283    -83860.6418     -1006.9865 1h12m27s/Msamples
        2130000    -84808.1064    -83810.8872      -997.2191 1h12m27s/Msamples
        2140000    -84797.9880    -83836.0091      -961.9789 1h12m27s/Msamples
        2150000    -84778.7523    -83823.8943      -954.8579 1h12m26s/Msamples
        2160000    -84772.0451    -83839.3695      -932.6755 1h12m26s/Msamples
        2170000    -84816.5549    -83876.4189      -940.1359 1h12m26s/Msamples
        2180000    -84815.6103    -83889.2629      -926.3473 1h12m26s/Msamples
        2190000    -84845.5713    -83858.9065      -986.6648 1h12m27s/Msamples
        2200000    -84799.2288    -83846.8883      -952.3404 1h12m27s/Msamples
        2210000    -84762.8217    -83814.8942      -947.9274 1h12m26s/Msamples
        2220000    -84828.7883    -83857.7899      -970.9984 1h12m27s/Msamples
        2230000    -84761.3492    -83810.0660      -951.2831 1h12m26s/Msamples
        2240000    -84768.4312    -83856.5117      -911.9195 1h12m26s/Msamples
        2250000    -84791.2240    -83852.0555      -939.1685 1h12m26s/Msamples
        2260000    -84770.0170    -83839.3622      -930.6548 1h12m26s/Msamples
        2270000    -84768.5826    -83864.9463      -903.6363 1h12m27s/Msamples
        2280000    -84789.0357    -83849.6608      -939.3749 1h12m27s/Msamples
        2290000    -84780.3180    -83831.2886      -949.0294 1h12m26s/Msamples
        2300000    -84811.3846    -83824.4992      -986.8854 1h12m26s/Msamples
        2310000    -84820.0456    -83835.2303      -984.8153 1h12m26s/Msamples
        2320000    -84786.4128    -83818.2274      -968.1853 1h12m25s/Msamples
        2330000    -84814.0968    -83805.2609     -1008.8359 1h12m24s/Msamples
        2340000    -84789.3753    -83801.7166      -987.6586 1h12m24s/Msamples
        2350000    -84828.3881    -83802.2602     -1026.1279 1h12m24s/Msamples
        2360000    -84807.0507    -83837.3980      -969.6526 1h12m23s/Msamples
        2370000    -84801.5263    -83835.4479      -966.0784 1h12m23s/Msamples
        2380000    -84809.1565    -83852.9469      -956.2096 1h12m24s/Msamples
        2390000    -84768.6703    -83851.0389      -917.6313 1h12m24s/Msamples
        2400000    -84819.3220    -83876.9361      -942.3859 1h12m23s/Msamples
        2410000    -84856.9897    -83890.3938      -966.5959 1h12m23s/Msamples
        2420000    -84807.1171    -83848.6056      -958.5114 1h12m24s/Msamples
        2430000    -84820.3518    -83848.9491      -971.4027 1h12m23s/Msamples
        2440000    -84807.8579    -83836.4222      -971.4357 1h12m24s/Msamples
        2450000    -84800.7761    -83841.6730      -959.1030 1h12m24s/Msamples
        2460000    -84835.2766    -83835.8359      -999.4407 1h12m23s/Msamples
        2470000    -84838.2413    -83846.7248      -991.5165 1h12m23s/Msamples
        2480000    -84841.7584    -83854.8917      -986.8667 1h12m23s/Msamples
        2490000    -84791.4194    -83817.1239      -974.2955 1h12m23s/Msamples
        2500000    -84771.7552    -83791.5467      -980.2085 1h12m22s/Msamples
        2510000    -84766.6971    -83803.8714      -962.8256 1h12m22s/Msamples
        2520000    -84782.5578    -83823.4975      -959.0603 1h12m22s/Msamples
        2530000    -84781.7205    -83814.6253      -967.0952 1h12m23s/Msamples
        2540000    -84781.0848    -83847.1902      -933.8946 1h12m23s/Msamples
        2550000    -84750.8145    -83842.2275      -908.5869 1h12m22s/Msamples
        2560000    -84804.9319    -83843.2071      -961.7248 1h12m23s/Msamples
        2570000    -84740.4400    -83817.3206      -923.1194 1h12m22s/Msamples
        2580000    -84787.3650    -83853.7770      -933.5879 1h12m22s/Msamples
        2590000    -84767.3020    -83836.0305      -931.2715 1h12m22s/Msamples
        2600000    -84751.9816    -83818.3984      -933.5831 1h12m22s/Msamples
        2610000    -84750.3224    -83836.6909      -913.6314 1h12m21s/Msamples
        2620000    -84716.2007    -83818.1435      -898.0572 1h12m20s/Msamples
        2630000    -84701.6133    -83797.1616      -904.4517 1h12m20s/Msamples
        2640000    -84747.9987    -83794.8467      -953.1520 1h12m19s/Msamples
        2650000    -84707.0016    -83806.0917      -900.9098 1h12m19s/Msamples
        2660000    -84747.1319    -83824.2649      -922.8670 1h12m18s/Msamples
        2670000    -84781.7500    -83834.6530      -947.0969 1h12m17s/Msamples
        2680000    -84730.1640    -83815.5203      -914.6436 1h12m16s/Msamples
        2690000    -84753.0659    -83808.8650      -944.2008 1h12m14s/Msamples
        2700000    -84747.4404    -83801.9069      -945.5335 1h12m14s/Msamples
        2710000    -84801.8420    -83843.2214      -958.6206 1h12m13s/Msamples
        2720000    -84722.8695    -83794.6273      -928.2422 1h12m13s/Msamples
        2730000    -84769.2623    -83823.8251      -945.4371 1h12m12s/Msamples
        2740000    -84733.3011    -83798.7663      -934.5348 1h12m11s/Msamples
        2750000    -84706.6981    -83793.7060      -912.9921 1h12m10s/Msamples
        2760000    -84720.2794    -83784.7013      -935.5780 1h12m9s/Msamples
        2770000    -84706.8499    -83804.6553      -902.1945 1h12m9s/Msamples
        2780000    -84688.1912    -83792.6168      -895.5744 1h12m8s/Msamples
        2790000    -84729.0990    -83843.8212      -885.2777 1h12m7s/Msamples
        2800000    -84735.5044    -83814.3861      -921.1182 1h12m6s/Msamples
        2810000    -84729.3452    -83798.0782      -931.2670 1h12m5s/Msamples
        2820000    -84689.8346    -83756.6403      -933.1942 1h12m5s/Msamples
        2830000    -84721.4958    -83779.5811      -941.9146 1h12m5s/Msamples
        2840000    -84697.3495    -83759.0505      -938.2989 1h12m4s/Msamples
        2850000    -84707.8011    -83754.6523      -953.1487 1h12m4s/Msamples
        2860000    -84737.9924    -83795.7270      -942.2653 1h12m3s/Msamples
        2870000    -84739.0533    -83772.4221      -966.6311 1h12m3s/Msamples
        2880000    -84763.9514    -83788.6973      -975.2541 1h12m2s/Msamples
        2890000    -84740.1541    -83800.8187      -939.3354 1h12m1s/Msamples
        2900000    -84731.1692    -83791.4037      -939.7655 1h12m0s/Msamples
        2910000    -84759.3103    -83790.3820      -968.9283 1h11m59s/Msamples
        2920000    -84749.1877    -83798.3536      -950.8340 1h11m59s/Msamples
        2930000    -84764.4484    -83790.1516      -974.2967 1h11m58s/Msamples
        2940000    -84724.9883    -83788.4114      -936.5768 1h11m58s/Msamples
        2950000    -84735.9428    -83779.3934      -956.5494 1h11m58s/Msamples
        2960000    -84741.6977    -83789.7293      -951.9684 1h11m58s/Msamples
        2970000    -84744.5816    -83792.2986      -952.2830 1h11m57s/Msamples
        2980000    -84729.6591    -83776.2314      -953.4276 1h11m57s/Msamples
        2990000    -84757.9044    -83784.7947      -973.1097 1h11m56s/Msamples
        3000000    -84730.0080    -83779.1340      -950.8740 1h11m56s/Msamples
        3010000    -84727.8955    -83784.6902      -943.2052 1h11m55s/Msamples
        3020000    -84708.3797    -83781.8225      -926.5571 1h11m54s/Msamples
        3030000    -84691.0797    -83767.8081      -923.2715 1h11m53s/Msamples
        3040000    -84738.2363    -83767.6897      -970.5465 1h11m52s/Msamples
        3050000    -84731.4674    -83786.7136      -944.7538 1h11m51s/Msamples
        3060000    -84751.8282    -83782.2501      -969.5781 1h11m50s/Msamples
        3070000    -84750.0279    -83790.6565      -959.3714 1h11m49s/Msamples
        3080000    -84758.1693    -83775.3875      -982.7817 1h11m49s/Msamples
        3090000    -84690.3502    -83755.5434      -934.8067 1h11m48s/Msamples
        3100000    -84703.9232    -83780.4595      -923.4637 1h11m48s/Msamples
        3110000    -84735.8843    -83781.3453      -954.5389 1h11m47s/Msamples
        3120000    -84735.4007    -83772.0811      -963.3195 1h11m47s/Msamples
        3130000    -84709.9139    -83778.2945      -931.6194 1h11m46s/Msamples
        3140000    -84743.4877    -83793.7509      -949.7367 1h11m46s/Msamples
        3150000    -84762.7394    -83780.0150      -982.7244 1h11m45s/Msamples
        3160000    -84724.2323    -83783.3548      -940.8775 1h11m44s/Msamples
        3170000    -84711.2827    -83774.6851      -936.5975 1h11m43s/Msamples
        3180000    -84722.3462    -83784.6679      -937.6782 1h11m43s/Msamples
        3190000    -84714.1036    -83810.4878      -903.6158 1h11m42s/Msamples
        3200000    -84678.0689    -83798.1085      -879.9603 1h11m42s/Msamples
        3210000    -84746.6549    -83819.8076      -926.8473 1h11m41s/Msamples
        3220000    -84723.4986    -83796.1227      -927.3759 1h11m41s/Msamples
        3230000    -84679.5241    -83784.5526      -894.9714 1h11m40s/Msamples
        3240000    -84646.6583    -83790.3096      -856.3487 1h11m40s/Msamples
        3250000    -84643.0997    -83786.5690      -856.5307 1h11m39s/Msamples
        3260000    -84684.3112    -83814.5853      -869.7258 1h11m40s/Msamples
        3270000    -84645.4411    -83794.7836      -850.6574 1h11m39s/Msamples
        3280000    -84677.1815    -83816.4479      -860.7335 1h11m39s/Msamples
        3290000    -84644.9818    -83805.3409      -839.6408 1h11m39s/Msamples
        3300000    -84634.4361    -83808.0081      -826.4280 1h11m38s/Msamples
        3310000    -84644.8881    -83799.3644      -845.5237 1h11m38s/Msamples
        3320000    -84671.9524    -83828.4616      -843.4908 1h11m38s/Msamples
        3330000    -84668.3518    -83802.3253      -866.0265 1h11m38s/Msamples
        3340000    -84639.0672    -83801.8952      -837.1719 1h11m38s/Msamples
        3350000    -84671.8776    -83787.7751      -884.1024 1h11m38s/Msamples
        3360000    -84675.5679    -83772.3923      -903.1755 1h11m37s/Msamples
        3370000    -84688.5548    -83791.6738      -896.8809 1h11m37s/Msamples
        3380000    -84721.3523    -83826.6684      -894.6839 1h11m36s/Msamples
